DEBUG:urllib3.connectionpool:Starting new HTTPS connection (1): demo.mapr.com:8443
DEBUG:urllib3.connectionpool:https://demo.mapr.com:8443 "POST /rest/stream/info?path=/mapr/demo.mapr.com/mapr-global-streaming-demo/data/source/australia HTTP/1.1" 200 242
DEBUG:root:creating stream /mapr/demo.mapr.com/mapr-global-streaming-demo/data/source/australia
DEBUG:urllib3.connectionpool:Starting new HTTPS connection (1): demo.mapr.com:8443
DEBUG:urllib3.connectionpool:https://demo.mapr.com:8443 "POST /rest/stream/create?path=/mapr/demo.mapr.com/mapr-global-streaming-demo/data/source/australia&produceperm=p&consumeperm=p&topicperm=p&copyperm=p&adminperm=p HTTP/1.1" 200 111
DEBUG:root:stream created
DEBUG:root:creating producer for /mapr/demo.mapr.com/mapr-global-streaming-demo/data/source/australia
DEBUG:root:Models loaded:
DEBUG:root:[u'Citroen C3', u'Citroen C4', u'Citroen C5', u'DS 3', u'DS 4', u'DS 5', u'Peugeot 208', u'Peugeot 308', u'Peugeot 508', u'Renault Twingo', u'Renault Megane', u'Renault Kadjar', u'VW Polo', u'VW Golf', u'VW Passat', u'Ford Fiesta', u'Ford Focus', u'Ford Mondeo', u'Mercedes Classe A', u'Mercedes Classe B', u'Mercedes Classe C', u'BMW Serie 3', u'BMW Serie 5', u'BMW Serie 7']
DEBUG:root:Injecting ...
DEBUG:root:810 cars injected
DEBUG:root:Models loaded:
DEBUG:root:[u'Citroen C3', u'Citroen C4', u'Citroen C5', u'DS 3', u'DS 4', u'DS 5', u'Peugeot 208', u'Peugeot 308', u'Peugeot 508', u'Renault Twingo', u'Renault Megane', u'Renault Kadjar', u'VW Polo', u'VW Golf', u'VW Passat', u'Ford Fiesta', u'Ford Focus', u'Ford Mondeo', u'Mercedes Classe A', u'Mercedes Classe B', u'Mercedes Classe C', u'BMW Serie 3', u'BMW Serie 5', u'BMW Serie 7']
DEBUG:root:Models loaded:
DEBUG:root:[u'Citroen C3', u'Citroen C4', u'Citroen C5', u'DS 3', u'DS 4', u'DS 5', u'Peugeot 208', u'Peugeot 308', u'Peugeot 508', u'Renault Twingo', u'Renault Megane', u'Renault Kadjar', u'VW Polo', u'VW Golf', u'VW Passat', u'Ford Fiesta', u'Ford Focus', u'Ford Mondeo', u'Mercedes Classe A', u'Mercedes Classe B', u'Mercedes Classe C', u'BMW Serie 3', u'BMW Serie 5', u'BMW Serie 7']
DEBUG:root:1620 cars injected
DEBUG:root:Models loaded:
DEBUG:root:[u'Citroen C3', u'Citroen C4', u'Citroen C5', u'DS 3', u'DS 4', u'DS 5', u'Peugeot 208', u'Peugeot 308', u'Peugeot 508', u'Renault Twingo', u'Renault Megane', u'Renault Kadjar', u'VW Polo', u'VW Golf', u'VW Passat', u'Ford Fiesta', u'Ford Focus', u'Ford Mondeo', u'Mercedes Classe A', u'Mercedes Classe B', u'Mercedes Classe C', u'BMW Serie 3', u'BMW Serie 5', u'BMW Serie 7']
DEBUG:root:Models loaded:
DEBUG:root:[u'Citroen C3', u'Citroen C4', u'Citroen C5', u'DS 3', u'DS 4', u'DS 5', u'Peugeot 208', u'Peugeot 308', u'Peugeot 508', u'Renault Twingo', u'Renault Megane', u'Renault Kadjar', u'VW Polo', u'VW Golf', u'VW Passat', u'Ford Fiesta', u'Ford Focus', u'Ford Mondeo', u'Mercedes Classe A', u'Mercedes Classe B', u'Mercedes Classe C', u'BMW Serie 3', u'BMW Serie 5', u'BMW Serie 7']
DEBUG:root:2430 cars injected
DEBUG:root:Models loaded:
DEBUG:root:[u'Citroen C3', u'Citroen C4', u'Citroen C5', u'DS 3', u'DS 4', u'DS 5', u'Peugeot 208', u'Peugeot 308', u'Peugeot 508', u'Renault Twingo', u'Renault Megane', u'Renault Kadjar', u'VW Polo', u'VW Golf', u'VW Passat', u'Ford Fiesta', u'Ford Focus', u'Ford Mondeo', u'Mercedes Classe A', u'Mercedes Classe B', u'Mercedes Classe C', u'BMW Serie 3', u'BMW Serie 5', u'BMW Serie 7']
DEBUG:root:Models loaded:
DEBUG:root:[u'Citroen C3', u'Citroen C4', u'Citroen C5', u'DS 3', u'DS 4', u'DS 5', u'Peugeot 208', u'Peugeot 308', u'Peugeot 508', u'Renault Twingo', u'Renault Megane', u'Renault Kadjar', u'VW Polo', u'VW Golf', u'VW Passat', u'Ford Fiesta', u'Ford Focus', u'Ford Mondeo', u'Mercedes Classe A', u'Mercedes Classe B', u'Mercedes Classe C', u'BMW Serie 3', u'BMW Serie 5', u'BMW Serie 7']
DEBUG:root:3240 cars injected
DEBUG:root:Models loaded:
DEBUG:root:[u'Citroen C3', u'Citroen C4', u'Citroen C5', u'DS 3', u'DS 4', u'DS 5', u'Peugeot 208', u'Peugeot 308', u'Peugeot 508', u'Renault Twingo', u'Renault Megane', u'Renault Kadjar', u'VW Polo', u'VW Golf', u'VW Passat', u'Ford Fiesta', u'Ford Focus', u'Ford Mondeo', u'Mercedes Classe A', u'Mercedes Classe B', u'Mercedes Classe C', u'BMW Serie 3', u'BMW Serie 5', u'BMW Serie 7']
DEBUG:root:Models loaded:
DEBUG:root:[u'Citroen C3', u'Citroen C4', u'Citroen C5', u'DS 3', u'DS 4', u'DS 5', u'Peugeot 208', u'Peugeot 308', u'Peugeot 508', u'Renault Twingo', u'Renault Megane', u'Renault Kadjar', u'VW Polo', u'VW Golf', u'VW Passat', u'Ford Fiesta', u'Ford Focus', u'Ford Mondeo', u'Mercedes Classe A', u'Mercedes Classe B', u'Mercedes Classe C', u'BMW Serie 3', u'BMW Serie 5', u'BMW Serie 7']
DEBUG:root:4050 cars injected
DEBUG:root:Models loaded:
DEBUG:root:[u'Citroen C3', u'Citroen C4', u'Citroen C5', u'DS 3', u'DS 4', u'DS 5', u'Peugeot 208', u'Peugeot 308', u'Peugeot 508', u'Renault Twingo', u'Renault Megane', u'Renault Kadjar', u'VW Polo', u'VW Golf', u'VW Passat', u'Ford Fiesta', u'Ford Focus', u'Ford Mondeo', u'Mercedes Classe A', u'Mercedes Classe B', u'Mercedes Classe C', u'BMW Serie 3', u'BMW Serie 5', u'BMW Serie 7']
DEBUG:root:Models loaded:
DEBUG:root:[u'Citroen C3', u'Citroen C4', u'Citroen C5', u'DS 3', u'DS 4', u'DS 5', u'Peugeot 208', u'Peugeot 308', u'Peugeot 508', u'Renault Twingo', u'Renault Megane', u'Renault Kadjar', u'VW Polo', u'VW Golf', u'VW Passat', u'Ford Fiesta', u'Ford Focus', u'Ford Mondeo', u'Mercedes Classe A', u'Mercedes Classe B', u'Mercedes Classe C', u'BMW Serie 3', u'BMW Serie 5', u'BMW Serie 7']
DEBUG:root:4860 cars injected
DEBUG:root:Models loaded:
DEBUG:root:[u'Citroen C3', u'Citroen C4', u'Citroen C5', u'DS 3', u'DS 4', u'DS 5', u'Peugeot 208', u'Peugeot 308', u'Peugeot 508', u'Renault Twingo', u'Renault Megane', u'Renault Kadjar', u'VW Polo', u'VW Golf', u'VW Passat', u'Ford Fiesta', u'Ford Focus', u'Ford Mondeo', u'Mercedes Classe A', u'Mercedes Classe B', u'Mercedes Classe C', u'BMW Serie 3', u'BMW Serie 5', u'BMW Serie 7']
DEBUG:root:Models loaded:
DEBUG:root:[u'Citroen C3', u'Citroen C4', u'Citroen C5', u'DS 3', u'DS 4', u'DS 5', u'Peugeot 208', u'Peugeot 308', u'Peugeot 508', u'Renault Twingo', u'Renault Megane', u'Renault Kadjar', u'VW Polo', u'VW Golf', u'VW Passat', u'Ford Fiesta', u'Ford Focus', u'Ford Mondeo', u'Mercedes Classe A', u'Mercedes Classe B', u'Mercedes Classe C', u'BMW Serie 3', u'BMW Serie 5', u'BMW Serie 7']
DEBUG:root:5670 cars injected
DEBUG:root:Models loaded:
DEBUG:root:[u'Citroen C3', u'Citroen C4', u'Citroen C5', u'DS 3', u'DS 4', u'DS 5', u'Peugeot 208', u'Peugeot 308', u'Peugeot 508', u'Renault Twingo', u'Renault Megane', u'Renault Kadjar', u'VW Polo', u'VW Golf', u'VW Passat', u'Ford Fiesta', u'Ford Focus', u'Ford Mondeo', u'Mercedes Classe A', u'Mercedes Classe B', u'Mercedes Classe C', u'BMW Serie 3', u'BMW Serie 5', u'BMW Serie 7']
DEBUG:root:Models loaded:
DEBUG:root:[u'Citroen C3', u'Citroen C4', u'Citroen C5', u'DS 3', u'DS 4', u'DS 5', u'Peugeot 208', u'Peugeot 308', u'Peugeot 508', u'Renault Twingo', u'Renault Megane', u'Renault Kadjar', u'VW Polo', u'VW Golf', u'VW Passat', u'Ford Fiesta', u'Ford Focus', u'Ford Mondeo', u'Mercedes Classe A', u'Mercedes Classe B', u'Mercedes Classe C', u'BMW Serie 3', u'BMW Serie 5', u'BMW Serie 7']
DEBUG:root:6480 cars injected
DEBUG:root:Models loaded:
DEBUG:root:[u'Citroen C3', u'Citroen C4', u'Citroen C5', u'DS 3', u'DS 4', u'DS 5', u'Peugeot 208', u'Peugeot 308', u'Peugeot 508', u'Renault Twingo', u'Renault Megane', u'Renault Kadjar', u'VW Polo', u'VW Golf', u'VW Passat', u'Ford Fiesta', u'Ford Focus', u'Ford Mondeo', u'Mercedes Classe A', u'Mercedes Classe B', u'Mercedes Classe C', u'BMW Serie 3', u'BMW Serie 5', u'BMW Serie 7']
DEBUG:root:Models loaded:
DEBUG:root:[u'Citroen C3', u'Citroen C4', u'Citroen C5', u'DS 3', u'DS 4', u'DS 5', u'Peugeot 208', u'Peugeot 308', u'Peugeot 508', u'Renault Twingo', u'Renault Megane', u'Renault Kadjar', u'VW Polo', u'VW Golf', u'VW Passat', u'Ford Fiesta', u'Ford Focus', u'Ford Mondeo', u'Mercedes Classe A', u'Mercedes Classe B', u'Mercedes Classe C', u'BMW Serie 3', u'BMW Serie 5', u'BMW Serie 7']
DEBUG:root:7290 cars injected
DEBUG:root:Models loaded:
DEBUG:root:[u'Citroen C3', u'Citroen C4', u'Citroen C5', u'DS 3', u'DS 4', u'DS 5', u'Peugeot 208', u'Peugeot 308', u'Peugeot 508', u'Renault Twingo', u'Renault Megane', u'Renault Kadjar', u'VW Polo', u'VW Golf', u'VW Passat', u'Ford Fiesta', u'Ford Focus', u'Ford Mondeo', u'Mercedes Classe A', u'Mercedes Classe B', u'Mercedes Classe C', u'BMW Serie 3', u'BMW Serie 5', u'BMW Serie 7']
DEBUG:root:Models loaded:
DEBUG:root:[u'Citroen C3', u'Citroen C4', u'Citroen C5', u'DS 3', u'DS 4', u'DS 5', u'Peugeot 208', u'Peugeot 308', u'Peugeot 508', u'Renault Twingo', u'Renault Megane', u'Renault Kadjar', u'VW Polo', u'VW Golf', u'VW Passat', u'Ford Fiesta', u'Ford Focus', u'Ford Mondeo', u'Mercedes Classe A', u'Mercedes Classe B', u'Mercedes Classe C', u'BMW Serie 3', u'BMW Serie 5', u'BMW Serie 7']
DEBUG:root:8100 cars injected
DEBUG:root:Models loaded:
DEBUG:root:[u'Citroen C3', u'Citroen C4', u'Citroen C5', u'DS 3', u'DS 4', u'DS 5', u'Peugeot 208', u'Peugeot 308', u'Peugeot 508', u'Renault Twingo', u'Renault Megane', u'Renault Kadjar', u'VW Polo', u'VW Golf', u'VW Passat', u'Ford Fiesta', u'Ford Focus', u'Ford Mondeo', u'Mercedes Classe A', u'Mercedes Classe B', u'Mercedes Classe C', u'BMW Serie 3', u'BMW Serie 5', u'BMW Serie 7']
DEBUG:root:Models loaded:
DEBUG:root:[u'Citroen C3', u'Citroen C4', u'Citroen C5', u'DS 3', u'DS 4', u'DS 5', u'Peugeot 208', u'Peugeot 308', u'Peugeot 508', u'Renault Twingo', u'Renault Megane', u'Renault Kadjar', u'VW Polo', u'VW Golf', u'VW Passat', u'Ford Fiesta', u'Ford Focus', u'Ford Mondeo', u'Mercedes Classe A', u'Mercedes Classe B', u'Mercedes Classe C', u'BMW Serie 3', u'BMW Serie 5', u'BMW Serie 7']
DEBUG:root:8910 cars injected
DEBUG:root:Models loaded:
DEBUG:root:[u'Citroen C3', u'Citroen C4', u'Citroen C5', u'DS 3', u'DS 4', u'DS 5', u'Peugeot 208', u'Peugeot 308', u'Peugeot 508', u'Renault Twingo', u'Renault Megane', u'Renault Kadjar', u'VW Polo', u'VW Golf', u'VW Passat', u'Ford Fiesta', u'Ford Focus', u'Ford Mondeo', u'Mercedes Classe A', u'Mercedes Classe B', u'Mercedes Classe C', u'BMW Serie 3', u'BMW Serie 5', u'BMW Serie 7']
DEBUG:root:Models loaded:
DEBUG:root:[u'Citroen C3', u'Citroen C4', u'Citroen C5', u'DS 3', u'DS 4', u'DS 5', u'Peugeot 208', u'Peugeot 308', u'Peugeot 508', u'Renault Twingo', u'Renault Megane', u'Renault Kadjar', u'VW Polo', u'VW Golf', u'VW Passat', u'Ford Fiesta', u'Ford Focus', u'Ford Mondeo', u'Mercedes Classe A', u'Mercedes Classe B', u'Mercedes Classe C', u'BMW Serie 3', u'BMW Serie 5', u'BMW Serie 7']
DEBUG:root:9720 cars injected
DEBUG:root:Models loaded:
DEBUG:root:[u'Citroen C3', u'Citroen C4', u'Citroen C5', u'DS 3', u'DS 4', u'DS 5', u'Peugeot 208', u'Peugeot 308', u'Peugeot 508', u'Renault Twingo', u'Renault Megane', u'Renault Kadjar', u'VW Polo', u'VW Golf', u'VW Passat', u'Ford Fiesta', u'Ford Focus', u'Ford Mondeo', u'Mercedes Classe A', u'Mercedes Classe B', u'Mercedes Classe C', u'BMW Serie 3', u'BMW Serie 5', u'BMW Serie 7']
DEBUG:root:Models loaded:
DEBUG:root:[u'Citroen C3', u'Citroen C4', u'Citroen C5', u'DS 3', u'DS 4', u'DS 5', u'Peugeot 208', u'Peugeot 308', u'Peugeot 508', u'Renault Twingo', u'Renault Megane', u'Renault Kadjar', u'VW Polo', u'VW Golf', u'VW Passat', u'Ford Fiesta', u'Ford Focus', u'Ford Mondeo', u'Mercedes Classe A', u'Mercedes Classe B', u'Mercedes Classe C', u'BMW Serie 3', u'BMW Serie 5', u'BMW Serie 7']
DEBUG:root:10530 cars injected
DEBUG:root:Models loaded:
DEBUG:root:[u'Citroen C3', u'Citroen C4', u'Citroen C5', u'DS 3', u'DS 4', u'DS 5', u'Peugeot 208', u'Peugeot 308', u'Peugeot 508', u'Renault Twingo', u'Renault Megane', u'Renault Kadjar', u'VW Polo', u'VW Golf', u'VW Passat', u'Ford Fiesta', u'Ford Focus', u'Ford Mondeo', u'Mercedes Classe A', u'Mercedes Classe B', u'Mercedes Classe C', u'BMW Serie 3', u'BMW Serie 5', u'BMW Serie 7']
DEBUG:root:Models loaded:
DEBUG:root:[u'Citroen C3', u'Citroen C4', u'Citroen C5', u'DS 3', u'DS 4', u'DS 5', u'Peugeot 208', u'Peugeot 308', u'Peugeot 508', u'Renault Twingo', u'Renault Megane', u'Renault Kadjar', u'VW Polo', u'VW Golf', u'VW Passat', u'Ford Fiesta', u'Ford Focus', u'Ford Mondeo', u'Mercedes Classe A', u'Mercedes Classe B', u'Mercedes Classe C', u'BMW Serie 3', u'BMW Serie 5', u'BMW Serie 7']
DEBUG:root:11340 cars injected
DEBUG:root:Models loaded:
DEBUG:root:[u'Citroen C3', u'Citroen C4', u'Citroen C5', u'DS 3', u'DS 4', u'DS 5', u'Peugeot 208', u'Peugeot 308', u'Peugeot 508', u'Renault Twingo', u'Renault Megane', u'Renault Kadjar', u'VW Polo', u'VW Golf', u'VW Passat', u'Ford Fiesta', u'Ford Focus', u'Ford Mondeo', u'Mercedes Classe A', u'Mercedes Classe B', u'Mercedes Classe C', u'BMW Serie 3', u'BMW Serie 5', u'BMW Serie 7']
DEBUG:root:Models loaded:
DEBUG:root:[u'Citroen C3', u'Citroen C4', u'Citroen C5', u'DS 3', u'DS 4', u'DS 5', u'Peugeot 208', u'Peugeot 308', u'Peugeot 508', u'Renault Twingo', u'Renault Megane', u'Renault Kadjar', u'VW Polo', u'VW Golf', u'VW Passat', u'Ford Fiesta', u'Ford Focus', u'Ford Mondeo', u'Mercedes Classe A', u'Mercedes Classe B', u'Mercedes Classe C', u'BMW Serie 3', u'BMW Serie 5', u'BMW Serie 7']
DEBUG:root:12150 cars injected
DEBUG:root:Models loaded:
DEBUG:root:[u'Citroen C3', u'Citroen C4', u'Citroen C5', u'DS 3', u'DS 4', u'DS 5', u'Peugeot 208', u'Peugeot 308', u'Peugeot 508', u'Renault Twingo', u'Renault Megane', u'Renault Kadjar', u'VW Polo', u'VW Golf', u'VW Passat', u'Ford Fiesta', u'Ford Focus', u'Ford Mondeo', u'Mercedes Classe A', u'Mercedes Classe B', u'Mercedes Classe C', u'BMW Serie 3', u'BMW Serie 5', u'BMW Serie 7']
DEBUG:root:Models loaded:
DEBUG:root:[u'Citroen C3', u'Citroen C4', u'Citroen C5', u'DS 3', u'DS 4', u'DS 5', u'Peugeot 208', u'Peugeot 308', u'Peugeot 508', u'Renault Twingo', u'Renault Megane', u'Renault Kadjar', u'VW Polo', u'VW Golf', u'VW Passat', u'Ford Fiesta', u'Ford Focus', u'Ford Mondeo', u'Mercedes Classe A', u'Mercedes Classe B', u'Mercedes Classe C', u'BMW Serie 3', u'BMW Serie 5', u'BMW Serie 7']
DEBUG:root:12960 cars injected
DEBUG:root:Models loaded:
DEBUG:root:[u'Citroen C3', u'Citroen C4', u'Citroen C5', u'DS 3', u'DS 4', u'DS 5', u'Peugeot 208', u'Peugeot 308', u'Peugeot 508', u'Renault Twingo', u'Renault Megane', u'Renault Kadjar', u'VW Polo', u'VW Golf', u'VW Passat', u'Ford Fiesta', u'Ford Focus', u'Ford Mondeo', u'Mercedes Classe A', u'Mercedes Classe B', u'Mercedes Classe C', u'BMW Serie 3', u'BMW Serie 5', u'BMW Serie 7']
DEBUG:root:Models loaded:
DEBUG:root:[u'Citroen C3', u'Citroen C4', u'Citroen C5', u'DS 3', u'DS 4', u'DS 5', u'Peugeot 208', u'Peugeot 308', u'Peugeot 508', u'Renault Twingo', u'Renault Megane', u'Renault Kadjar', u'VW Polo', u'VW Golf', u'VW Passat', u'Ford Fiesta', u'Ford Focus', u'Ford Mondeo', u'Mercedes Classe A', u'Mercedes Classe B', u'Mercedes Classe C', u'BMW Serie 3', u'BMW Serie 5', u'BMW Serie 7']
DEBUG:root:13770 cars injected
DEBUG:root:Models loaded:
DEBUG:root:[u'Citroen C3', u'Citroen C4', u'Citroen C5', u'DS 3', u'DS 4', u'DS 5', u'Peugeot 208', u'Peugeot 308', u'Peugeot 508', u'Renault Twingo', u'Renault Megane', u'Renault Kadjar', u'VW Polo', u'VW Golf', u'VW Passat', u'Ford Fiesta', u'Ford Focus', u'Ford Mondeo', u'Mercedes Classe A', u'Mercedes Classe B', u'Mercedes Classe C', u'BMW Serie 3', u'BMW Serie 5', u'BMW Serie 7']
DEBUG:root:Models loaded:
DEBUG:root:[u'Citroen C3', u'Citroen C4', u'Citroen C5', u'DS 3', u'DS 4', u'DS 5', u'Peugeot 208', u'Peugeot 308', u'Peugeot 508', u'Renault Twingo', u'Renault Megane', u'Renault Kadjar', u'VW Polo', u'VW Golf', u'VW Passat', u'Ford Fiesta', u'Ford Focus', u'Ford Mondeo', u'Mercedes Classe A', u'Mercedes Classe B', u'Mercedes Classe C', u'BMW Serie 3', u'BMW Serie 5', u'BMW Serie 7']
DEBUG:root:14580 cars injected
DEBUG:root:Models loaded:
DEBUG:root:[u'Citroen C3', u'Citroen C4', u'Citroen C5', u'DS 3', u'DS 4', u'DS 5', u'Peugeot 208', u'Peugeot 308', u'Peugeot 508', u'Renault Twingo', u'Renault Megane', u'Renault Kadjar', u'VW Polo', u'VW Golf', u'VW Passat', u'Ford Fiesta', u'Ford Focus', u'Ford Mondeo', u'Mercedes Classe A', u'Mercedes Classe B', u'Mercedes Classe C', u'BMW Serie 3', u'BMW Serie 5', u'BMW Serie 7']
DEBUG:root:Models loaded:
DEBUG:root:[u'Citroen C3', u'Citroen C4', u'Citroen C5', u'DS 3', u'DS 4', u'DS 5', u'Peugeot 208', u'Peugeot 308', u'Peugeot 508', u'Renault Twingo', u'Renault Megane', u'Renault Kadjar', u'VW Polo', u'VW Golf', u'VW Passat', u'Ford Fiesta', u'Ford Focus', u'Ford Mondeo', u'Mercedes Classe A', u'Mercedes Classe B', u'Mercedes Classe C', u'BMW Serie 3', u'BMW Serie 5', u'BMW Serie 7']
DEBUG:root:15390 cars injected
DEBUG:root:Models loaded:
DEBUG:root:[u'Citroen C3', u'Citroen C4', u'Citroen C5', u'DS 3', u'DS 4', u'DS 5', u'Peugeot 208', u'Peugeot 308', u'Peugeot 508', u'Renault Twingo', u'Renault Megane', u'Renault Kadjar', u'VW Polo', u'VW Golf', u'VW Passat', u'Ford Fiesta', u'Ford Focus', u'Ford Mondeo', u'Mercedes Classe A', u'Mercedes Classe B', u'Mercedes Classe C', u'BMW Serie 3', u'BMW Serie 5', u'BMW Serie 7']
DEBUG:root:Models loaded:
DEBUG:root:[u'Citroen C3', u'Citroen C4', u'Citroen C5', u'DS 3', u'DS 4', u'DS 5', u'Peugeot 208', u'Peugeot 308', u'Peugeot 508', u'Renault Twingo', u'Renault Megane', u'Renault Kadjar', u'VW Polo', u'VW Golf', u'VW Passat', u'Ford Fiesta', u'Ford Focus', u'Ford Mondeo', u'Mercedes Classe A', u'Mercedes Classe B', u'Mercedes Classe C', u'BMW Serie 3', u'BMW Serie 5', u'BMW Serie 7']
DEBUG:root:16200 cars injected
DEBUG:root:Models loaded:
DEBUG:root:[u'Citroen C3', u'Citroen C4', u'Citroen C5', u'DS 3', u'DS 4', u'DS 5', u'Peugeot 208', u'Peugeot 308', u'Peugeot 508', u'Renault Twingo', u'Renault Megane', u'Renault Kadjar', u'VW Polo', u'VW Golf', u'VW Passat', u'Ford Fiesta', u'Ford Focus', u'Ford Mondeo', u'Mercedes Classe A', u'Mercedes Classe B', u'Mercedes Classe C', u'BMW Serie 3', u'BMW Serie 5', u'BMW Serie 7']
DEBUG:root:Models loaded:
DEBUG:root:[u'Citroen C3', u'Citroen C4', u'Citroen C5', u'DS 3', u'DS 4', u'DS 5', u'Peugeot 208', u'Peugeot 308', u'Peugeot 508', u'Renault Twingo', u'Renault Megane', u'Renault Kadjar', u'VW Polo', u'VW Golf', u'VW Passat', u'Ford Fiesta', u'Ford Focus', u'Ford Mondeo', u'Mercedes Classe A', u'Mercedes Classe B', u'Mercedes Classe C', u'BMW Serie 3', u'BMW Serie 5', u'BMW Serie 7']
DEBUG:root:17010 cars injected
DEBUG:root:Models loaded:
DEBUG:root:[u'Citroen C3', u'Citroen C4', u'Citroen C5', u'DS 3', u'DS 4', u'DS 5', u'Peugeot 208', u'Peugeot 308', u'Peugeot 508', u'Renault Twingo', u'Renault Megane', u'Renault Kadjar', u'VW Polo', u'VW Golf', u'VW Passat', u'Ford Fiesta', u'Ford Focus', u'Ford Mondeo', u'Mercedes Classe A', u'Mercedes Classe B', u'Mercedes Classe C', u'BMW Serie 3', u'BMW Serie 5', u'BMW Serie 7']
DEBUG:root:Models loaded:
DEBUG:root:[u'Citroen C3', u'Citroen C4', u'Citroen C5', u'DS 3', u'DS 4', u'DS 5', u'Peugeot 208', u'Peugeot 308', u'Peugeot 508', u'Renault Twingo', u'Renault Megane', u'Renault Kadjar', u'VW Polo', u'VW Golf', u'VW Passat', u'Ford Fiesta', u'Ford Focus', u'Ford Mondeo', u'Mercedes Classe A', u'Mercedes Classe B', u'Mercedes Classe C', u'BMW Serie 3', u'BMW Serie 5', u'BMW Serie 7']
DEBUG:root:17820 cars injected
DEBUG:root:Models loaded:
DEBUG:root:[u'Citroen C3', u'Citroen C4', u'Citroen C5', u'DS 3', u'DS 4', u'DS 5', u'Peugeot 208', u'Peugeot 308', u'Peugeot 508', u'Renault Twingo', u'Renault Megane', u'Renault Kadjar', u'VW Polo', u'VW Golf', u'VW Passat', u'Ford Fiesta', u'Ford Focus', u'Ford Mondeo', u'Mercedes Classe A', u'Mercedes Classe B', u'Mercedes Classe C', u'BMW Serie 3', u'BMW Serie 5', u'BMW Serie 7']
DEBUG:root:Models loaded:
DEBUG:root:[u'Citroen C3', u'Citroen C4', u'Citroen C5', u'DS 3', u'DS 4', u'DS 5', u'Peugeot 208', u'Peugeot 308', u'Peugeot 508', u'Renault Twingo', u'Renault Megane', u'Renault Kadjar', u'VW Polo', u'VW Golf', u'VW Passat', u'Ford Fiesta', u'Ford Focus', u'Ford Mondeo', u'Mercedes Classe A', u'Mercedes Classe B', u'Mercedes Classe C', u'BMW Serie 3', u'BMW Serie 5', u'BMW Serie 7']
DEBUG:root:18630 cars injected
DEBUG:root:Models loaded:
DEBUG:root:[u'Citroen C3', u'Citroen C4', u'Citroen C5', u'DS 3', u'DS 4', u'DS 5', u'Peugeot 208', u'Peugeot 308', u'Peugeot 508', u'Renault Twingo', u'Renault Megane', u'Renault Kadjar', u'VW Polo', u'VW Golf', u'VW Passat', u'Ford Fiesta', u'Ford Focus', u'Ford Mondeo', u'Mercedes Classe A', u'Mercedes Classe B', u'Mercedes Classe C', u'BMW Serie 3', u'BMW Serie 5', u'BMW Serie 7']
DEBUG:root:Models loaded:
DEBUG:root:[u'Citroen C3', u'Citroen C4', u'Citroen C5', u'DS 3', u'DS 4', u'DS 5', u'Peugeot 208', u'Peugeot 308', u'Peugeot 508', u'Renault Twingo', u'Renault Megane', u'Renault Kadjar', u'VW Polo', u'VW Golf', u'VW Passat', u'Ford Fiesta', u'Ford Focus', u'Ford Mondeo', u'Mercedes Classe A', u'Mercedes Classe B', u'Mercedes Classe C', u'BMW Serie 3', u'BMW Serie 5', u'BMW Serie 7']
DEBUG:root:19440 cars injected
DEBUG:root:Models loaded:
DEBUG:root:[u'Citroen C3', u'Citroen C4', u'Citroen C5', u'DS 3', u'DS 4', u'DS 5', u'Peugeot 208', u'Peugeot 308', u'Peugeot 508', u'Renault Twingo', u'Renault Megane', u'Renault Kadjar', u'VW Polo', u'VW Golf', u'VW Passat', u'Ford Fiesta', u'Ford Focus', u'Ford Mondeo', u'Mercedes Classe A', u'Mercedes Classe B', u'Mercedes Classe C', u'BMW Serie 3', u'BMW Serie 5', u'BMW Serie 7']
DEBUG:root:Models loaded:
DEBUG:root:[u'Citroen C3', u'Citroen C4', u'Citroen C5', u'DS 3', u'DS 4', u'DS 5', u'Peugeot 208', u'Peugeot 308', u'Peugeot 508', u'Renault Twingo', u'Renault Megane', u'Renault Kadjar', u'VW Polo', u'VW Golf', u'VW Passat', u'Ford Fiesta', u'Ford Focus', u'Ford Mondeo', u'Mercedes Classe A', u'Mercedes Classe B', u'Mercedes Classe C', u'BMW Serie 3', u'BMW Serie 5', u'BMW Serie 7']
DEBUG:root:20250 cars injected
DEBUG:root:Models loaded:
DEBUG:root:[u'Citroen C3', u'Citroen C4', u'Citroen C5', u'DS 3', u'DS 4', u'DS 5', u'Peugeot 208', u'Peugeot 308', u'Peugeot 508', u'Renault Twingo', u'Renault Megane', u'Renault Kadjar', u'VW Polo', u'VW Golf', u'VW Passat', u'Ford Fiesta', u'Ford Focus', u'Ford Mondeo', u'Mercedes Classe A', u'Mercedes Classe B', u'Mercedes Classe C', u'BMW Serie 3', u'BMW Serie 5', u'BMW Serie 7']
DEBUG:root:Models loaded:
DEBUG:root:[u'Citroen C3', u'Citroen C4', u'Citroen C5', u'DS 3', u'DS 4', u'DS 5', u'Peugeot 208', u'Peugeot 308', u'Peugeot 508', u'Renault Twingo', u'Renault Megane', u'Renault Kadjar', u'VW Polo', u'VW Golf', u'VW Passat', u'Ford Fiesta', u'Ford Focus', u'Ford Mondeo', u'Mercedes Classe A', u'Mercedes Classe B', u'Mercedes Classe C', u'BMW Serie 3', u'BMW Serie 5', u'BMW Serie 7']
DEBUG:root:21060 cars injected
DEBUG:root:Models loaded:
DEBUG:root:[u'Citroen C3', u'Citroen C4', u'Citroen C5', u'DS 3', u'DS 4', u'DS 5', u'Peugeot 208', u'Peugeot 308', u'Peugeot 508', u'Renault Twingo', u'Renault Megane', u'Renault Kadjar', u'VW Polo', u'VW Golf', u'VW Passat', u'Ford Fiesta', u'Ford Focus', u'Ford Mondeo', u'Mercedes Classe A', u'Mercedes Classe B', u'Mercedes Classe C', u'BMW Serie 3', u'BMW Serie 5', u'BMW Serie 7']
DEBUG:root:Models loaded:
DEBUG:root:[u'Citroen C3', u'Citroen C4', u'Citroen C5', u'DS 3', u'DS 4', u'DS 5', u'Peugeot 208', u'Peugeot 308', u'Peugeot 508', u'Renault Twingo', u'Renault Megane', u'Renault Kadjar', u'VW Polo', u'VW Golf', u'VW Passat', u'Ford Fiesta', u'Ford Focus', u'Ford Mondeo', u'Mercedes Classe A', u'Mercedes Classe B', u'Mercedes Classe C', u'BMW Serie 3', u'BMW Serie 5', u'BMW Serie 7']
DEBUG:root:21870 cars injected
DEBUG:root:Models loaded:
DEBUG:root:[u'Citroen C3', u'Citroen C4', u'Citroen C5', u'DS 3', u'DS 4', u'DS 5', u'Peugeot 208', u'Peugeot 308', u'Peugeot 508', u'Renault Twingo', u'Renault Megane', u'Renault Kadjar', u'VW Polo', u'VW Golf', u'VW Passat', u'Ford Fiesta', u'Ford Focus', u'Ford Mondeo', u'Mercedes Classe A', u'Mercedes Classe B', u'Mercedes Classe C', u'BMW Serie 3', u'BMW Serie 5', u'BMW Serie 7']
DEBUG:root:Models loaded:
DEBUG:root:[u'Citroen C3', u'Citroen C4', u'Citroen C5', u'DS 3', u'DS 4', u'DS 5', u'Peugeot 208', u'Peugeot 308', u'Peugeot 508', u'Renault Twingo', u'Renault Megane', u'Renault Kadjar', u'VW Polo', u'VW Golf', u'VW Passat', u'Ford Fiesta', u'Ford Focus', u'Ford Mondeo', u'Mercedes Classe A', u'Mercedes Classe B', u'Mercedes Classe C', u'BMW Serie 3', u'BMW Serie 5', u'BMW Serie 7']
DEBUG:root:22680 cars injected
DEBUG:root:Models loaded:
DEBUG:root:[u'Citroen C3', u'Citroen C4', u'Citroen C5', u'DS 3', u'DS 4', u'DS 5', u'Peugeot 208', u'Peugeot 308', u'Peugeot 508', u'Renault Twingo', u'Renault Megane', u'Renault Kadjar', u'VW Polo', u'VW Golf', u'VW Passat', u'Ford Fiesta', u'Ford Focus', u'Ford Mondeo', u'Mercedes Classe A', u'Mercedes Classe B', u'Mercedes Classe C', u'BMW Serie 3', u'BMW Serie 5', u'BMW Serie 7']
DEBUG:root:Models loaded:
DEBUG:root:[u'Citroen C3', u'Citroen C4', u'Citroen C5', u'DS 3', u'DS 4', u'DS 5', u'Peugeot 208', u'Peugeot 308', u'Peugeot 508', u'Renault Twingo', u'Renault Megane', u'Renault Kadjar', u'VW Polo', u'VW Golf', u'VW Passat', u'Ford Fiesta', u'Ford Focus', u'Ford Mondeo', u'Mercedes Classe A', u'Mercedes Classe B', u'Mercedes Classe C', u'BMW Serie 3', u'BMW Serie 5', u'BMW Serie 7']
DEBUG:root:23490 cars injected
DEBUG:root:Models loaded:
DEBUG:root:[u'Citroen C3', u'Citroen C4', u'Citroen C5', u'DS 3', u'DS 4', u'DS 5', u'Peugeot 208', u'Peugeot 308', u'Peugeot 508', u'Renault Twingo', u'Renault Megane', u'Renault Kadjar', u'VW Polo', u'VW Golf', u'VW Passat', u'Ford Fiesta', u'Ford Focus', u'Ford Mondeo', u'Mercedes Classe A', u'Mercedes Classe B', u'Mercedes Classe C', u'BMW Serie 3', u'BMW Serie 5', u'BMW Serie 7']
DEBUG:root:Models loaded:
DEBUG:root:[u'Citroen C3', u'Citroen C4', u'Citroen C5', u'DS 3', u'DS 4', u'DS 5', u'Peugeot 208', u'Peugeot 308', u'Peugeot 508', u'Renault Twingo', u'Renault Megane', u'Renault Kadjar', u'VW Polo', u'VW Golf', u'VW Passat', u'Ford Fiesta', u'Ford Focus', u'Ford Mondeo', u'Mercedes Classe A', u'Mercedes Classe B', u'Mercedes Classe C', u'BMW Serie 3', u'BMW Serie 5', u'BMW Serie 7']
DEBUG:root:24300 cars injected
DEBUG:root:Models loaded:
DEBUG:root:[u'Citroen C3', u'Citroen C4', u'Citroen C5', u'DS 3', u'DS 4', u'DS 5', u'Peugeot 208', u'Peugeot 308', u'Peugeot 508', u'Renault Twingo', u'Renault Megane', u'Renault Kadjar', u'VW Polo', u'VW Golf', u'VW Passat', u'Ford Fiesta', u'Ford Focus', u'Ford Mondeo', u'Mercedes Classe A', u'Mercedes Classe B', u'Mercedes Classe C', u'BMW Serie 3', u'BMW Serie 5', u'BMW Serie 7']
DEBUG:root:Models loaded:
DEBUG:root:[u'Citroen C3', u'Citroen C4', u'Citroen C5', u'DS 3', u'DS 4', u'DS 5', u'Peugeot 208', u'Peugeot 308', u'Peugeot 508', u'Renault Twingo', u'Renault Megane', u'Renault Kadjar', u'VW Polo', u'VW Golf', u'VW Passat', u'Ford Fiesta', u'Ford Focus', u'Ford Mondeo', u'Mercedes Classe A', u'Mercedes Classe B', u'Mercedes Classe C', u'BMW Serie 3', u'BMW Serie 5', u'BMW Serie 7']
DEBUG:root:25110 cars injected
DEBUG:root:Models loaded:
DEBUG:root:[u'Citroen C3', u'Citroen C4', u'Citroen C5', u'DS 3', u'DS 4', u'DS 5', u'Peugeot 208', u'Peugeot 308', u'Peugeot 508', u'Renault Twingo', u'Renault Megane', u'Renault Kadjar', u'VW Polo', u'VW Golf', u'VW Passat', u'Ford Fiesta', u'Ford Focus', u'Ford Mondeo', u'Mercedes Classe A', u'Mercedes Classe B', u'Mercedes Classe C', u'BMW Serie 3', u'BMW Serie 5', u'BMW Serie 7']
DEBUG:root:Models loaded:
DEBUG:root:[u'Citroen C3', u'Citroen C4', u'Citroen C5', u'DS 3', u'DS 4', u'DS 5', u'Peugeot 208', u'Peugeot 308', u'Peugeot 508', u'Renault Twingo', u'Renault Megane', u'Renault Kadjar', u'VW Polo', u'VW Golf', u'VW Passat', u'Ford Fiesta', u'Ford Focus', u'Ford Mondeo', u'Mercedes Classe A', u'Mercedes Classe B', u'Mercedes Classe C', u'BMW Serie 3', u'BMW Serie 5', u'BMW Serie 7']
DEBUG:root:25920 cars injected
DEBUG:root:Models loaded:
DEBUG:root:[u'Citroen C3', u'Citroen C4', u'Citroen C5', u'DS 3', u'DS 4', u'DS 5', u'Peugeot 208', u'Peugeot 308', u'Peugeot 508', u'Renault Twingo', u'Renault Megane', u'Renault Kadjar', u'VW Polo', u'VW Golf', u'VW Passat', u'Ford Fiesta', u'Ford Focus', u'Ford Mondeo', u'Mercedes Classe A', u'Mercedes Classe B', u'Mercedes Classe C', u'BMW Serie 3', u'BMW Serie 5', u'BMW Serie 7']
DEBUG:root:Models loaded:
DEBUG:root:[u'Citroen C3', u'Citroen C4', u'Citroen C5', u'DS 3', u'DS 4', u'DS 5', u'Peugeot 208', u'Peugeot 308', u'Peugeot 508', u'Renault Twingo', u'Renault Megane', u'Renault Kadjar', u'VW Polo', u'VW Golf', u'VW Passat', u'Ford Fiesta', u'Ford Focus', u'Ford Mondeo', u'Mercedes Classe A', u'Mercedes Classe B', u'Mercedes Classe C', u'BMW Serie 3', u'BMW Serie 5', u'BMW Serie 7']
DEBUG:root:26730 cars injected
DEBUG:root:Models loaded:
DEBUG:root:[u'Citroen C3', u'Citroen C4', u'Citroen C5', u'DS 3', u'DS 4', u'DS 5', u'Peugeot 208', u'Peugeot 308', u'Peugeot 508', u'Renault Twingo', u'Renault Megane', u'Renault Kadjar', u'VW Polo', u'VW Golf', u'VW Passat', u'Ford Fiesta', u'Ford Focus', u'Ford Mondeo', u'Mercedes Classe A', u'Mercedes Classe B', u'Mercedes Classe C', u'BMW Serie 3', u'BMW Serie 5', u'BMW Serie 7']
DEBUG:root:Models loaded:
DEBUG:root:[u'Citroen C3', u'Citroen C4', u'Citroen C5', u'DS 3', u'DS 4', u'DS 5', u'Peugeot 208', u'Peugeot 308', u'Peugeot 508', u'Renault Twingo', u'Renault Megane', u'Renault Kadjar', u'VW Polo', u'VW Golf', u'VW Passat', u'Ford Fiesta', u'Ford Focus', u'Ford Mondeo', u'Mercedes Classe A', u'Mercedes Classe B', u'Mercedes Classe C', u'BMW Serie 3', u'BMW Serie 5', u'BMW Serie 7']
DEBUG:root:27540 cars injected
DEBUG:root:Models loaded:
DEBUG:root:[u'Citroen C3', u'Citroen C4', u'Citroen C5', u'DS 3', u'DS 4', u'DS 5', u'Peugeot 208', u'Peugeot 308', u'Peugeot 508', u'Renault Twingo', u'Renault Megane', u'Renault Kadjar', u'VW Polo', u'VW Golf', u'VW Passat', u'Ford Fiesta', u'Ford Focus', u'Ford Mondeo', u'Mercedes Classe A', u'Mercedes Classe B', u'Mercedes Classe C', u'BMW Serie 3', u'BMW Serie 5', u'BMW Serie 7']
DEBUG:root:Models loaded:
DEBUG:root:[u'Citroen C3', u'Citroen C4', u'Citroen C5', u'DS 3', u'DS 4', u'DS 5', u'Peugeot 208', u'Peugeot 308', u'Peugeot 508', u'Renault Twingo', u'Renault Megane', u'Renault Kadjar', u'VW Polo', u'VW Golf', u'VW Passat', u'Ford Fiesta', u'Ford Focus', u'Ford Mondeo', u'Mercedes Classe A', u'Mercedes Classe B', u'Mercedes Classe C', u'BMW Serie 3', u'BMW Serie 5', u'BMW Serie 7']
DEBUG:root:28350 cars injected
DEBUG:root:Models loaded:
DEBUG:root:[u'Citroen C3', u'Citroen C4', u'Citroen C5', u'DS 3', u'DS 4', u'DS 5', u'Peugeot 208', u'Peugeot 308', u'Peugeot 508', u'Renault Twingo', u'Renault Megane', u'Renault Kadjar', u'VW Polo', u'VW Golf', u'VW Passat', u'Ford Fiesta', u'Ford Focus', u'Ford Mondeo', u'Mercedes Classe A', u'Mercedes Classe B', u'Mercedes Classe C', u'BMW Serie 3', u'BMW Serie 5', u'BMW Serie 7']
DEBUG:root:Models loaded:
DEBUG:root:[u'Citroen C3', u'Citroen C4', u'Citroen C5', u'DS 3', u'DS 4', u'DS 5', u'Peugeot 208', u'Peugeot 308', u'Peugeot 508', u'Renault Twingo', u'Renault Megane', u'Renault Kadjar', u'VW Polo', u'VW Golf', u'VW Passat', u'Ford Fiesta', u'Ford Focus', u'Ford Mondeo', u'Mercedes Classe A', u'Mercedes Classe B', u'Mercedes Classe C', u'BMW Serie 3', u'BMW Serie 5', u'BMW Serie 7']
DEBUG:root:29160 cars injected
DEBUG:root:Models loaded:
DEBUG:root:[u'Citroen C3', u'Citroen C4', u'Citroen C5', u'DS 3', u'DS 4', u'DS 5', u'Peugeot 208', u'Peugeot 308', u'Peugeot 508', u'Renault Twingo', u'Renault Megane', u'Renault Kadjar', u'VW Polo', u'VW Golf', u'VW Passat', u'Ford Fiesta', u'Ford Focus', u'Ford Mondeo', u'Mercedes Classe A', u'Mercedes Classe B', u'Mercedes Classe C', u'BMW Serie 3', u'BMW Serie 5', u'BMW Serie 7']
DEBUG:root:Models loaded:
DEBUG:root:[u'Citroen C3', u'Citroen C4', u'Citroen C5', u'DS 3', u'DS 4', u'DS 5', u'Peugeot 208', u'Peugeot 308', u'Peugeot 508', u'Renault Twingo', u'Renault Megane', u'Renault Kadjar', u'VW Polo', u'VW Golf', u'VW Passat', u'Ford Fiesta', u'Ford Focus', u'Ford Mondeo', u'Mercedes Classe A', u'Mercedes Classe B', u'Mercedes Classe C', u'BMW Serie 3', u'BMW Serie 5', u'BMW Serie 7']
DEBUG:root:29970 cars injected
DEBUG:root:Models loaded:
DEBUG:root:[u'Citroen C3', u'Citroen C4', u'Citroen C5', u'DS 3', u'DS 4', u'DS 5', u'Peugeot 208', u'Peugeot 308', u'Peugeot 508', u'Renault Twingo', u'Renault Megane', u'Renault Kadjar', u'VW Polo', u'VW Golf', u'VW Passat', u'Ford Fiesta', u'Ford Focus', u'Ford Mondeo', u'Mercedes Classe A', u'Mercedes Classe B', u'Mercedes Classe C', u'BMW Serie 3', u'BMW Serie 5', u'BMW Serie 7']
DEBUG:root:Models loaded:
DEBUG:root:[u'Citroen C3', u'Citroen C4', u'Citroen C5', u'DS 3', u'DS 4', u'DS 5', u'Peugeot 208', u'Peugeot 308', u'Peugeot 508', u'Renault Twingo', u'Renault Megane', u'Renault Kadjar', u'VW Polo', u'VW Golf', u'VW Passat', u'Ford Fiesta', u'Ford Focus', u'Ford Mondeo', u'Mercedes Classe A', u'Mercedes Classe B', u'Mercedes Classe C', u'BMW Serie 3', u'BMW Serie 5', u'BMW Serie 7']
DEBUG:root:30780 cars injected
DEBUG:root:Models loaded:
DEBUG:root:[u'Citroen C3', u'Citroen C4', u'Citroen C5', u'DS 3', u'DS 4', u'DS 5', u'Peugeot 208', u'Peugeot 308', u'Peugeot 508', u'Renault Twingo', u'Renault Megane', u'Renault Kadjar', u'VW Polo', u'VW Golf', u'VW Passat', u'Ford Fiesta', u'Ford Focus', u'Ford Mondeo', u'Mercedes Classe A', u'Mercedes Classe B', u'Mercedes Classe C', u'BMW Serie 3', u'BMW Serie 5', u'BMW Serie 7']
DEBUG:root:Models loaded:
DEBUG:root:[u'Citroen C3', u'Citroen C4', u'Citroen C5', u'DS 3', u'DS 4', u'DS 5', u'Peugeot 208', u'Peugeot 308', u'Peugeot 508', u'Renault Twingo', u'Renault Megane', u'Renault Kadjar', u'VW Polo', u'VW Golf', u'VW Passat', u'Ford Fiesta', u'Ford Focus', u'Ford Mondeo', u'Mercedes Classe A', u'Mercedes Classe B', u'Mercedes Classe C', u'BMW Serie 3', u'BMW Serie 5', u'BMW Serie 7']
DEBUG:root:31590 cars injected
DEBUG:root:Models loaded:
DEBUG:root:[u'Citroen C3', u'Citroen C4', u'Citroen C5', u'DS 3', u'DS 4', u'DS 5', u'Peugeot 208', u'Peugeot 308', u'Peugeot 508', u'Renault Twingo', u'Renault Megane', u'Renault Kadjar', u'VW Polo', u'VW Golf', u'VW Passat', u'Ford Fiesta', u'Ford Focus', u'Ford Mondeo', u'Mercedes Classe A', u'Mercedes Classe B', u'Mercedes Classe C', u'BMW Serie 3', u'BMW Serie 5', u'BMW Serie 7']
DEBUG:root:Models loaded:
DEBUG:root:[u'Citroen C3', u'Citroen C4', u'Citroen C5', u'DS 3', u'DS 4', u'DS 5', u'Peugeot 208', u'Peugeot 308', u'Peugeot 508', u'Renault Twingo', u'Renault Megane', u'Renault Kadjar', u'VW Polo', u'VW Golf', u'VW Passat', u'Ford Fiesta', u'Ford Focus', u'Ford Mondeo', u'Mercedes Classe A', u'Mercedes Classe B', u'Mercedes Classe C', u'BMW Serie 3', u'BMW Serie 5', u'BMW Serie 7']
DEBUG:root:32400 cars injected
DEBUG:root:Models loaded:
DEBUG:root:[u'Citroen C3', u'Citroen C4', u'Citroen C5', u'DS 3', u'DS 4', u'DS 5', u'Peugeot 208', u'Peugeot 308', u'Peugeot 508', u'Renault Twingo', u'Renault Megane', u'Renault Kadjar', u'VW Polo', u'VW Golf', u'VW Passat', u'Ford Fiesta', u'Ford Focus', u'Ford Mondeo', u'Mercedes Classe A', u'Mercedes Classe B', u'Mercedes Classe C', u'BMW Serie 3', u'BMW Serie 5', u'BMW Serie 7']
DEBUG:root:Models loaded:
DEBUG:root:[u'Citroen C3', u'Citroen C4', u'Citroen C5', u'DS 3', u'DS 4', u'DS 5', u'Peugeot 208', u'Peugeot 308', u'Peugeot 508', u'Renault Twingo', u'Renault Megane', u'Renault Kadjar', u'VW Polo', u'VW Golf', u'VW Passat', u'Ford Fiesta', u'Ford Focus', u'Ford Mondeo', u'Mercedes Classe A', u'Mercedes Classe B', u'Mercedes Classe C', u'BMW Serie 3', u'BMW Serie 5', u'BMW Serie 7']
DEBUG:root:33210 cars injected
DEBUG:root:Models loaded:
DEBUG:root:[u'Citroen C3', u'Citroen C4', u'Citroen C5', u'DS 3', u'DS 4', u'DS 5', u'Peugeot 208', u'Peugeot 308', u'Peugeot 508', u'Renault Twingo', u'Renault Megane', u'Renault Kadjar', u'VW Polo', u'VW Golf', u'VW Passat', u'Ford Fiesta', u'Ford Focus', u'Ford Mondeo', u'Mercedes Classe A', u'Mercedes Classe B', u'Mercedes Classe C', u'BMW Serie 3', u'BMW Serie 5', u'BMW Serie 7']
DEBUG:root:Models loaded:
DEBUG:root:[u'Citroen C3', u'Citroen C4', u'Citroen C5', u'DS 3', u'DS 4', u'DS 5', u'Peugeot 208', u'Peugeot 308', u'Peugeot 508', u'Renault Twingo', u'Renault Megane', u'Renault Kadjar', u'VW Polo', u'VW Golf', u'VW Passat', u'Ford Fiesta', u'Ford Focus', u'Ford Mondeo', u'Mercedes Classe A', u'Mercedes Classe B', u'Mercedes Classe C', u'BMW Serie 3', u'BMW Serie 5', u'BMW Serie 7']
DEBUG:root:34020 cars injected
DEBUG:root:Models loaded:
DEBUG:root:[u'Citroen C3', u'Citroen C4', u'Citroen C5', u'DS 3', u'DS 4', u'DS 5', u'Peugeot 208', u'Peugeot 308', u'Peugeot 508', u'Renault Twingo', u'Renault Megane', u'Renault Kadjar', u'VW Polo', u'VW Golf', u'VW Passat', u'Ford Fiesta', u'Ford Focus', u'Ford Mondeo', u'Mercedes Classe A', u'Mercedes Classe B', u'Mercedes Classe C', u'BMW Serie 3', u'BMW Serie 5', u'BMW Serie 7']
DEBUG:root:Models loaded:
DEBUG:root:[u'Citroen C3', u'Citroen C4', u'Citroen C5', u'DS 3', u'DS 4', u'DS 5', u'Peugeot 208', u'Peugeot 308', u'Peugeot 508', u'Renault Twingo', u'Renault Megane', u'Renault Kadjar', u'VW Polo', u'VW Golf', u'VW Passat', u'Ford Fiesta', u'Ford Focus', u'Ford Mondeo', u'Mercedes Classe A', u'Mercedes Classe B', u'Mercedes Classe C', u'BMW Serie 3', u'BMW Serie 5', u'BMW Serie 7']
DEBUG:root:34830 cars injected
DEBUG:root:Models loaded:
DEBUG:root:[u'Citroen C3', u'Citroen C4', u'Citroen C5', u'DS 3', u'DS 4', u'DS 5', u'Peugeot 208', u'Peugeot 308', u'Peugeot 508', u'Renault Twingo', u'Renault Megane', u'Renault Kadjar', u'VW Polo', u'VW Golf', u'VW Passat', u'Ford Fiesta', u'Ford Focus', u'Ford Mondeo', u'Mercedes Classe A', u'Mercedes Classe B', u'Mercedes Classe C', u'BMW Serie 3', u'BMW Serie 5', u'BMW Serie 7']
DEBUG:root:Models loaded:
DEBUG:root:[u'Citroen C3', u'Citroen C4', u'Citroen C5', u'DS 3', u'DS 4', u'DS 5', u'Peugeot 208', u'Peugeot 308', u'Peugeot 508', u'Renault Twingo', u'Renault Megane', u'Renault Kadjar', u'VW Polo', u'VW Golf', u'VW Passat', u'Ford Fiesta', u'Ford Focus', u'Ford Mondeo', u'Mercedes Classe A', u'Mercedes Classe B', u'Mercedes Classe C', u'BMW Serie 3', u'BMW Serie 5', u'BMW Serie 7']
DEBUG:root:35640 cars injected
DEBUG:root:Models loaded:
DEBUG:root:[u'Citroen C3', u'Citroen C4', u'Citroen C5', u'DS 3', u'DS 4', u'DS 5', u'Peugeot 208', u'Peugeot 308', u'Peugeot 508', u'Renault Twingo', u'Renault Megane', u'Renault Kadjar', u'VW Polo', u'VW Golf', u'VW Passat', u'Ford Fiesta', u'Ford Focus', u'Ford Mondeo', u'Mercedes Classe A', u'Mercedes Classe B', u'Mercedes Classe C', u'BMW Serie 3', u'BMW Serie 5', u'BMW Serie 7']
DEBUG:root:Models loaded:
DEBUG:root:[u'Citroen C3', u'Citroen C4', u'Citroen C5', u'DS 3', u'DS 4', u'DS 5', u'Peugeot 208', u'Peugeot 308', u'Peugeot 508', u'Renault Twingo', u'Renault Megane', u'Renault Kadjar', u'VW Polo', u'VW Golf', u'VW Passat', u'Ford Fiesta', u'Ford Focus', u'Ford Mondeo', u'Mercedes Classe A', u'Mercedes Classe B', u'Mercedes Classe C', u'BMW Serie 3', u'BMW Serie 5', u'BMW Serie 7']
DEBUG:root:36450 cars injected
DEBUG:root:Models loaded:
DEBUG:root:[u'Citroen C3', u'Citroen C4', u'Citroen C5', u'DS 3', u'DS 4', u'DS 5', u'Peugeot 208', u'Peugeot 308', u'Peugeot 508', u'Renault Twingo', u'Renault Megane', u'Renault Kadjar', u'VW Polo', u'VW Golf', u'VW Passat', u'Ford Fiesta', u'Ford Focus', u'Ford Mondeo', u'Mercedes Classe A', u'Mercedes Classe B', u'Mercedes Classe C', u'BMW Serie 3', u'BMW Serie 5', u'BMW Serie 7']
DEBUG:root:Models loaded:
DEBUG:root:[u'Citroen C3', u'Citroen C4', u'Citroen C5', u'DS 3', u'DS 4', u'DS 5', u'Peugeot 208', u'Peugeot 308', u'Peugeot 508', u'Renault Twingo', u'Renault Megane', u'Renault Kadjar', u'VW Polo', u'VW Golf', u'VW Passat', u'Ford Fiesta', u'Ford Focus', u'Ford Mondeo', u'Mercedes Classe A', u'Mercedes Classe B', u'Mercedes Classe C', u'BMW Serie 3', u'BMW Serie 5', u'BMW Serie 7']
DEBUG:root:37260 cars injected
DEBUG:root:Models loaded:
DEBUG:root:[u'Citroen C3', u'Citroen C4', u'Citroen C5', u'DS 3', u'DS 4', u'DS 5', u'Peugeot 208', u'Peugeot 308', u'Peugeot 508', u'Renault Twingo', u'Renault Megane', u'Renault Kadjar', u'VW Polo', u'VW Golf', u'VW Passat', u'Ford Fiesta', u'Ford Focus', u'Ford Mondeo', u'Mercedes Classe A', u'Mercedes Classe B', u'Mercedes Classe C', u'BMW Serie 3', u'BMW Serie 5', u'BMW Serie 7']
DEBUG:root:Models loaded:
DEBUG:root:[u'Citroen C3', u'Citroen C4', u'Citroen C5', u'DS 3', u'DS 4', u'DS 5', u'Peugeot 208', u'Peugeot 308', u'Peugeot 508', u'Renault Twingo', u'Renault Megane', u'Renault Kadjar', u'VW Polo', u'VW Golf', u'VW Passat', u'Ford Fiesta', u'Ford Focus', u'Ford Mondeo', u'Mercedes Classe A', u'Mercedes Classe B', u'Mercedes Classe C', u'BMW Serie 3', u'BMW Serie 5', u'BMW Serie 7']
DEBUG:root:38070 cars injected
DEBUG:root:Models loaded:
DEBUG:root:[u'Citroen C3', u'Citroen C4', u'Citroen C5', u'DS 3', u'DS 4', u'DS 5', u'Peugeot 208', u'Peugeot 308', u'Peugeot 508', u'Renault Twingo', u'Renault Megane', u'Renault Kadjar', u'VW Polo', u'VW Golf', u'VW Passat', u'Ford Fiesta', u'Ford Focus', u'Ford Mondeo', u'Mercedes Classe A', u'Mercedes Classe B', u'Mercedes Classe C', u'BMW Serie 3', u'BMW Serie 5', u'BMW Serie 7']
DEBUG:root:Models loaded:
DEBUG:root:[u'Citroen C3', u'Citroen C4', u'Citroen C5', u'DS 3', u'DS 4', u'DS 5', u'Peugeot 208', u'Peugeot 308', u'Peugeot 508', u'Renault Twingo', u'Renault Megane', u'Renault Kadjar', u'VW Polo', u'VW Golf', u'VW Passat', u'Ford Fiesta', u'Ford Focus', u'Ford Mondeo', u'Mercedes Classe A', u'Mercedes Classe B', u'Mercedes Classe C', u'BMW Serie 3', u'BMW Serie 5', u'BMW Serie 7']
DEBUG:root:38880 cars injected
DEBUG:root:Models loaded:
DEBUG:root:[u'Citroen C3', u'Citroen C4', u'Citroen C5', u'DS 3', u'DS 4', u'DS 5', u'Peugeot 208', u'Peugeot 308', u'Peugeot 508', u'Renault Twingo', u'Renault Megane', u'Renault Kadjar', u'VW Polo', u'VW Golf', u'VW Passat', u'Ford Fiesta', u'Ford Focus', u'Ford Mondeo', u'Mercedes Classe A', u'Mercedes Classe B', u'Mercedes Classe C', u'BMW Serie 3', u'BMW Serie 5', u'BMW Serie 7']
DEBUG:root:Models loaded:
DEBUG:root:[u'Citroen C3', u'Citroen C4', u'Citroen C5', u'DS 3', u'DS 4', u'DS 5', u'Peugeot 208', u'Peugeot 308', u'Peugeot 508', u'Renault Twingo', u'Renault Megane', u'Renault Kadjar', u'VW Polo', u'VW Golf', u'VW Passat', u'Ford Fiesta', u'Ford Focus', u'Ford Mondeo', u'Mercedes Classe A', u'Mercedes Classe B', u'Mercedes Classe C', u'BMW Serie 3', u'BMW Serie 5', u'BMW Serie 7']
DEBUG:root:39690 cars injected
DEBUG:root:Models loaded:
DEBUG:root:[u'Citroen C3', u'Citroen C4', u'Citroen C5', u'DS 3', u'DS 4', u'DS 5', u'Peugeot 208', u'Peugeot 308', u'Peugeot 508', u'Renault Twingo', u'Renault Megane', u'Renault Kadjar', u'VW Polo', u'VW Golf', u'VW Passat', u'Ford Fiesta', u'Ford Focus', u'Ford Mondeo', u'Mercedes Classe A', u'Mercedes Classe B', u'Mercedes Classe C', u'BMW Serie 3', u'BMW Serie 5', u'BMW Serie 7']
DEBUG:root:Models loaded:
DEBUG:root:[u'Citroen C3', u'Citroen C4', u'Citroen C5', u'DS 3', u'DS 4', u'DS 5', u'Peugeot 208', u'Peugeot 308', u'Peugeot 508', u'Renault Twingo', u'Renault Megane', u'Renault Kadjar', u'VW Polo', u'VW Golf', u'VW Passat', u'Ford Fiesta', u'Ford Focus', u'Ford Mondeo', u'Mercedes Classe A', u'Mercedes Classe B', u'Mercedes Classe C', u'BMW Serie 3', u'BMW Serie 5', u'BMW Serie 7']
DEBUG:root:40500 cars injected
DEBUG:root:Models loaded:
DEBUG:root:[u'Citroen C3', u'Citroen C4', u'Citroen C5', u'DS 3', u'DS 4', u'DS 5', u'Peugeot 208', u'Peugeot 308', u'Peugeot 508', u'Renault Twingo', u'Renault Megane', u'Renault Kadjar', u'VW Polo', u'VW Golf', u'VW Passat', u'Ford Fiesta', u'Ford Focus', u'Ford Mondeo', u'Mercedes Classe A', u'Mercedes Classe B', u'Mercedes Classe C', u'BMW Serie 3', u'BMW Serie 5', u'BMW Serie 7']
DEBUG:root:Models loaded:
DEBUG:root:[u'Citroen C3', u'Citroen C4', u'Citroen C5', u'DS 3', u'DS 4', u'DS 5', u'Peugeot 208', u'Peugeot 308', u'Peugeot 508', u'Renault Twingo', u'Renault Megane', u'Renault Kadjar', u'VW Polo', u'VW Golf', u'VW Passat', u'Ford Fiesta', u'Ford Focus', u'Ford Mondeo', u'Mercedes Classe A', u'Mercedes Classe B', u'Mercedes Classe C', u'BMW Serie 3', u'BMW Serie 5', u'BMW Serie 7']
DEBUG:root:41310 cars injected
DEBUG:root:Models loaded:
DEBUG:root:[u'Citroen C3', u'Citroen C4', u'Citroen C5', u'DS 3', u'DS 4', u'DS 5', u'Peugeot 208', u'Peugeot 308', u'Peugeot 508', u'Renault Twingo', u'Renault Megane', u'Renault Kadjar', u'VW Polo', u'VW Golf', u'VW Passat', u'Ford Fiesta', u'Ford Focus', u'Ford Mondeo', u'Mercedes Classe A', u'Mercedes Classe B', u'Mercedes Classe C', u'BMW Serie 3', u'BMW Serie 5', u'BMW Serie 7']
DEBUG:root:Models loaded:
DEBUG:root:[u'Citroen C3', u'Citroen C4', u'Citroen C5', u'DS 3', u'DS 4', u'DS 5', u'Peugeot 208', u'Peugeot 308', u'Peugeot 508', u'Renault Twingo', u'Renault Megane', u'Renault Kadjar', u'VW Polo', u'VW Golf', u'VW Passat', u'Ford Fiesta', u'Ford Focus', u'Ford Mondeo', u'Mercedes Classe A', u'Mercedes Classe B', u'Mercedes Classe C', u'BMW Serie 3', u'BMW Serie 5', u'BMW Serie 7']
DEBUG:root:42120 cars injected
DEBUG:root:Models loaded:
DEBUG:root:[u'Citroen C3', u'Citroen C4', u'Citroen C5', u'DS 3', u'DS 4', u'DS 5', u'Peugeot 208', u'Peugeot 308', u'Peugeot 508', u'Renault Twingo', u'Renault Megane', u'Renault Kadjar', u'VW Polo', u'VW Golf', u'VW Passat', u'Ford Fiesta', u'Ford Focus', u'Ford Mondeo', u'Mercedes Classe A', u'Mercedes Classe B', u'Mercedes Classe C', u'BMW Serie 3', u'BMW Serie 5', u'BMW Serie 7']
DEBUG:root:Models loaded:
DEBUG:root:[u'Citroen C3', u'Citroen C4', u'Citroen C5', u'DS 3', u'DS 4', u'DS 5', u'Peugeot 208', u'Peugeot 308', u'Peugeot 508', u'Renault Twingo', u'Renault Megane', u'Renault Kadjar', u'VW Polo', u'VW Golf', u'VW Passat', u'Ford Fiesta', u'Ford Focus', u'Ford Mondeo', u'Mercedes Classe A', u'Mercedes Classe B', u'Mercedes Classe C', u'BMW Serie 3', u'BMW Serie 5', u'BMW Serie 7']
DEBUG:root:42930 cars injected
DEBUG:root:Models loaded:
DEBUG:root:[u'Citroen C3', u'Citroen C4', u'Citroen C5', u'DS 3', u'DS 4', u'DS 5', u'Peugeot 208', u'Peugeot 308', u'Peugeot 508', u'Renault Twingo', u'Renault Megane', u'Renault Kadjar', u'VW Polo', u'VW Golf', u'VW Passat', u'Ford Fiesta', u'Ford Focus', u'Ford Mondeo', u'Mercedes Classe A', u'Mercedes Classe B', u'Mercedes Classe C', u'BMW Serie 3', u'BMW Serie 5', u'BMW Serie 7']
DEBUG:root:Models loaded:
DEBUG:root:[u'Citroen C3', u'Citroen C4', u'Citroen C5', u'DS 3', u'DS 4', u'DS 5', u'Peugeot 208', u'Peugeot 308', u'Peugeot 508', u'Renault Twingo', u'Renault Megane', u'Renault Kadjar', u'VW Polo', u'VW Golf', u'VW Passat', u'Ford Fiesta', u'Ford Focus', u'Ford Mondeo', u'Mercedes Classe A', u'Mercedes Classe B', u'Mercedes Classe C', u'BMW Serie 3', u'BMW Serie 5', u'BMW Serie 7']
DEBUG:root:43740 cars injected
DEBUG:root:Models loaded:
DEBUG:root:[u'Citroen C3', u'Citroen C4', u'Citroen C5', u'DS 3', u'DS 4', u'DS 5', u'Peugeot 208', u'Peugeot 308', u'Peugeot 508', u'Renault Twingo', u'Renault Megane', u'Renault Kadjar', u'VW Polo', u'VW Golf', u'VW Passat', u'Ford Fiesta', u'Ford Focus', u'Ford Mondeo', u'Mercedes Classe A', u'Mercedes Classe B', u'Mercedes Classe C', u'BMW Serie 3', u'BMW Serie 5', u'BMW Serie 7']
DEBUG:root:Models loaded:
DEBUG:root:[u'Citroen C3', u'Citroen C4', u'Citroen C5', u'DS 3', u'DS 4', u'DS 5', u'Peugeot 208', u'Peugeot 308', u'Peugeot 508', u'Renault Twingo', u'Renault Megane', u'Renault Kadjar', u'VW Polo', u'VW Golf', u'VW Passat', u'Ford Fiesta', u'Ford Focus', u'Ford Mondeo', u'Mercedes Classe A', u'Mercedes Classe B', u'Mercedes Classe C', u'BMW Serie 3', u'BMW Serie 5', u'BMW Serie 7']
DEBUG:root:44550 cars injected
DEBUG:root:Models loaded:
DEBUG:root:[u'Citroen C3', u'Citroen C4', u'Citroen C5', u'DS 3', u'DS 4', u'DS 5', u'Peugeot 208', u'Peugeot 308', u'Peugeot 508', u'Renault Twingo', u'Renault Megane', u'Renault Kadjar', u'VW Polo', u'VW Golf', u'VW Passat', u'Ford Fiesta', u'Ford Focus', u'Ford Mondeo', u'Mercedes Classe A', u'Mercedes Classe B', u'Mercedes Classe C', u'BMW Serie 3', u'BMW Serie 5', u'BMW Serie 7']
DEBUG:root:Models loaded:
DEBUG:root:[u'Citroen C3', u'Citroen C4', u'Citroen C5', u'DS 3', u'DS 4', u'DS 5', u'Peugeot 208', u'Peugeot 308', u'Peugeot 508', u'Renault Twingo', u'Renault Megane', u'Renault Kadjar', u'VW Polo', u'VW Golf', u'VW Passat', u'Ford Fiesta', u'Ford Focus', u'Ford Mondeo', u'Mercedes Classe A', u'Mercedes Classe B', u'Mercedes Classe C', u'BMW Serie 3', u'BMW Serie 5', u'BMW Serie 7']
DEBUG:root:45360 cars injected
DEBUG:root:Models loaded:
DEBUG:root:[u'Citroen C3', u'Citroen C4', u'Citroen C5', u'DS 3', u'DS 4', u'DS 5', u'Peugeot 208', u'Peugeot 308', u'Peugeot 508', u'Renault Twingo', u'Renault Megane', u'Renault Kadjar', u'VW Polo', u'VW Golf', u'VW Passat', u'Ford Fiesta', u'Ford Focus', u'Ford Mondeo', u'Mercedes Classe A', u'Mercedes Classe B', u'Mercedes Classe C', u'BMW Serie 3', u'BMW Serie 5', u'BMW Serie 7']
DEBUG:root:Models loaded:
DEBUG:root:[u'Citroen C3', u'Citroen C4', u'Citroen C5', u'DS 3', u'DS 4', u'DS 5', u'Peugeot 208', u'Peugeot 308', u'Peugeot 508', u'Renault Twingo', u'Renault Megane', u'Renault Kadjar', u'VW Polo', u'VW Golf', u'VW Passat', u'Ford Fiesta', u'Ford Focus', u'Ford Mondeo', u'Mercedes Classe A', u'Mercedes Classe B', u'Mercedes Classe C', u'BMW Serie 3', u'BMW Serie 5', u'BMW Serie 7']
DEBUG:root:46170 cars injected
DEBUG:root:Models loaded:
DEBUG:root:[u'Citroen C3', u'Citroen C4', u'Citroen C5', u'DS 3', u'DS 4', u'DS 5', u'Peugeot 208', u'Peugeot 308', u'Peugeot 508', u'Renault Twingo', u'Renault Megane', u'Renault Kadjar', u'VW Polo', u'VW Golf', u'VW Passat', u'Ford Fiesta', u'Ford Focus', u'Ford Mondeo', u'Mercedes Classe A', u'Mercedes Classe B', u'Mercedes Classe C', u'BMW Serie 3', u'BMW Serie 5', u'BMW Serie 7']
DEBUG:root:Models loaded:
DEBUG:root:[u'Citroen C3', u'Citroen C4', u'Citroen C5', u'DS 3', u'DS 4', u'DS 5', u'Peugeot 208', u'Peugeot 308', u'Peugeot 508', u'Renault Twingo', u'Renault Megane', u'Renault Kadjar', u'VW Polo', u'VW Golf', u'VW Passat', u'Ford Fiesta', u'Ford Focus', u'Ford Mondeo', u'Mercedes Classe A', u'Mercedes Classe B', u'Mercedes Classe C', u'BMW Serie 3', u'BMW Serie 5', u'BMW Serie 7']
DEBUG:root:46980 cars injected
DEBUG:root:Models loaded:
DEBUG:root:[u'Citroen C3', u'Citroen C4', u'Citroen C5', u'DS 3', u'DS 4', u'DS 5', u'Peugeot 208', u'Peugeot 308', u'Peugeot 508', u'Renault Twingo', u'Renault Megane', u'Renault Kadjar', u'VW Polo', u'VW Golf', u'VW Passat', u'Ford Fiesta', u'Ford Focus', u'Ford Mondeo', u'Mercedes Classe A', u'Mercedes Classe B', u'Mercedes Classe C', u'BMW Serie 3', u'BMW Serie 5', u'BMW Serie 7']
DEBUG:root:Models loaded:
DEBUG:root:[u'Citroen C3', u'Citroen C4', u'Citroen C5', u'DS 3', u'DS 4', u'DS 5', u'Peugeot 208', u'Peugeot 308', u'Peugeot 508', u'Renault Twingo', u'Renault Megane', u'Renault Kadjar', u'VW Polo', u'VW Golf', u'VW Passat', u'Ford Fiesta', u'Ford Focus', u'Ford Mondeo', u'Mercedes Classe A', u'Mercedes Classe B', u'Mercedes Classe C', u'BMW Serie 3', u'BMW Serie 5', u'BMW Serie 7']
DEBUG:root:47790 cars injected
DEBUG:root:Models loaded:
DEBUG:root:[u'Citroen C3', u'Citroen C4', u'Citroen C5', u'DS 3', u'DS 4', u'DS 5', u'Peugeot 208', u'Peugeot 308', u'Peugeot 508', u'Renault Twingo', u'Renault Megane', u'Renault Kadjar', u'VW Polo', u'VW Golf', u'VW Passat', u'Ford Fiesta', u'Ford Focus', u'Ford Mondeo', u'Mercedes Classe A', u'Mercedes Classe B', u'Mercedes Classe C', u'BMW Serie 3', u'BMW Serie 5', u'BMW Serie 7']
DEBUG:root:Models loaded:
DEBUG:root:[u'Citroen C3', u'Citroen C4', u'Citroen C5', u'DS 3', u'DS 4', u'DS 5', u'Peugeot 208', u'Peugeot 308', u'Peugeot 508', u'Renault Twingo', u'Renault Megane', u'Renault Kadjar', u'VW Polo', u'VW Golf', u'VW Passat', u'Ford Fiesta', u'Ford Focus', u'Ford Mondeo', u'Mercedes Classe A', u'Mercedes Classe B', u'Mercedes Classe C', u'BMW Serie 3', u'BMW Serie 5', u'BMW Serie 7']
DEBUG:root:48600 cars injected
DEBUG:root:Models loaded:
DEBUG:root:[u'Citroen C3', u'Citroen C4', u'Citroen C5', u'DS 3', u'DS 4', u'DS 5', u'Peugeot 208', u'Peugeot 308', u'Peugeot 508', u'Renault Twingo', u'Renault Megane', u'Renault Kadjar', u'VW Polo', u'VW Golf', u'VW Passat', u'Ford Fiesta', u'Ford Focus', u'Ford Mondeo', u'Mercedes Classe A', u'Mercedes Classe B', u'Mercedes Classe C', u'BMW Serie 3', u'BMW Serie 5', u'BMW Serie 7']
DEBUG:root:Models loaded:
DEBUG:root:[u'Citroen C3', u'Citroen C4', u'Citroen C5', u'DS 3', u'DS 4', u'DS 5', u'Peugeot 208', u'Peugeot 308', u'Peugeot 508', u'Renault Twingo', u'Renault Megane', u'Renault Kadjar', u'VW Polo', u'VW Golf', u'VW Passat', u'Ford Fiesta', u'Ford Focus', u'Ford Mondeo', u'Mercedes Classe A', u'Mercedes Classe B', u'Mercedes Classe C', u'BMW Serie 3', u'BMW Serie 5', u'BMW Serie 7']
DEBUG:root:49410 cars injected
DEBUG:root:Models loaded:
DEBUG:root:[u'Citroen C3', u'Citroen C4', u'Citroen C5', u'DS 3', u'DS 4', u'DS 5', u'Peugeot 208', u'Peugeot 308', u'Peugeot 508', u'Renault Twingo', u'Renault Megane', u'Renault Kadjar', u'VW Polo', u'VW Golf', u'VW Passat', u'Ford Fiesta', u'Ford Focus', u'Ford Mondeo', u'Mercedes Classe A', u'Mercedes Classe B', u'Mercedes Classe C', u'BMW Serie 3', u'BMW Serie 5', u'BMW Serie 7']
DEBUG:root:Models loaded:
DEBUG:root:[u'Citroen C3', u'Citroen C4', u'Citroen C5', u'DS 3', u'DS 4', u'DS 5', u'Peugeot 208', u'Peugeot 308', u'Peugeot 508', u'Renault Twingo', u'Renault Megane', u'Renault Kadjar', u'VW Polo', u'VW Golf', u'VW Passat', u'Ford Fiesta', u'Ford Focus', u'Ford Mondeo', u'Mercedes Classe A', u'Mercedes Classe B', u'Mercedes Classe C', u'BMW Serie 3', u'BMW Serie 5', u'BMW Serie 7']
DEBUG:root:50220 cars injected
DEBUG:root:Models loaded:
DEBUG:root:[u'Citroen C3', u'Citroen C4', u'Citroen C5', u'DS 3', u'DS 4', u'DS 5', u'Peugeot 208', u'Peugeot 308', u'Peugeot 508', u'Renault Twingo', u'Renault Megane', u'Renault Kadjar', u'VW Polo', u'VW Golf', u'VW Passat', u'Ford Fiesta', u'Ford Focus', u'Ford Mondeo', u'Mercedes Classe A', u'Mercedes Classe B', u'Mercedes Classe C', u'BMW Serie 3', u'BMW Serie 5', u'BMW Serie 7']
DEBUG:root:Models loaded:
DEBUG:root:[u'Citroen C3', u'Citroen C4', u'Citroen C5', u'DS 3', u'DS 4', u'DS 5', u'Peugeot 208', u'Peugeot 308', u'Peugeot 508', u'Renault Twingo', u'Renault Megane', u'Renault Kadjar', u'VW Polo', u'VW Golf', u'VW Passat', u'Ford Fiesta', u'Ford Focus', u'Ford Mondeo', u'Mercedes Classe A', u'Mercedes Classe B', u'Mercedes Classe C', u'BMW Serie 3', u'BMW Serie 5', u'BMW Serie 7']
DEBUG:root:51030 cars injected
DEBUG:root:Models loaded:
DEBUG:root:[u'Citroen C3', u'Citroen C4', u'Citroen C5', u'DS 3', u'DS 4', u'DS 5', u'Peugeot 208', u'Peugeot 308', u'Peugeot 508', u'Renault Twingo', u'Renault Megane', u'Renault Kadjar', u'VW Polo', u'VW Golf', u'VW Passat', u'Ford Fiesta', u'Ford Focus', u'Ford Mondeo', u'Mercedes Classe A', u'Mercedes Classe B', u'Mercedes Classe C', u'BMW Serie 3', u'BMW Serie 5', u'BMW Serie 7']
DEBUG:root:Models loaded:
DEBUG:root:[u'Citroen C3', u'Citroen C4', u'Citroen C5', u'DS 3', u'DS 4', u'DS 5', u'Peugeot 208', u'Peugeot 308', u'Peugeot 508', u'Renault Twingo', u'Renault Megane', u'Renault Kadjar', u'VW Polo', u'VW Golf', u'VW Passat', u'Ford Fiesta', u'Ford Focus', u'Ford Mondeo', u'Mercedes Classe A', u'Mercedes Classe B', u'Mercedes Classe C', u'BMW Serie 3', u'BMW Serie 5', u'BMW Serie 7']
DEBUG:root:51840 cars injected
DEBUG:root:Models loaded:
DEBUG:root:[u'Citroen C3', u'Citroen C4', u'Citroen C5', u'DS 3', u'DS 4', u'DS 5', u'Peugeot 208', u'Peugeot 308', u'Peugeot 508', u'Renault Twingo', u'Renault Megane', u'Renault Kadjar', u'VW Polo', u'VW Golf', u'VW Passat', u'Ford Fiesta', u'Ford Focus', u'Ford Mondeo', u'Mercedes Classe A', u'Mercedes Classe B', u'Mercedes Classe C', u'BMW Serie 3', u'BMW Serie 5', u'BMW Serie 7']
DEBUG:root:Models loaded:
DEBUG:root:[u'Citroen C3', u'Citroen C4', u'Citroen C5', u'DS 3', u'DS 4', u'DS 5', u'Peugeot 208', u'Peugeot 308', u'Peugeot 508', u'Renault Twingo', u'Renault Megane', u'Renault Kadjar', u'VW Polo', u'VW Golf', u'VW Passat', u'Ford Fiesta', u'Ford Focus', u'Ford Mondeo', u'Mercedes Classe A', u'Mercedes Classe B', u'Mercedes Classe C', u'BMW Serie 3', u'BMW Serie 5', u'BMW Serie 7']
DEBUG:root:52650 cars injected
DEBUG:root:Models loaded:
DEBUG:root:[u'Citroen C3', u'Citroen C4', u'Citroen C5', u'DS 3', u'DS 4', u'DS 5', u'Peugeot 208', u'Peugeot 308', u'Peugeot 508', u'Renault Twingo', u'Renault Megane', u'Renault Kadjar', u'VW Polo', u'VW Golf', u'VW Passat', u'Ford Fiesta', u'Ford Focus', u'Ford Mondeo', u'Mercedes Classe A', u'Mercedes Classe B', u'Mercedes Classe C', u'BMW Serie 3', u'BMW Serie 5', u'BMW Serie 7']
DEBUG:root:Models loaded:
DEBUG:root:[u'Citroen C3', u'Citroen C4', u'Citroen C5', u'DS 3', u'DS 4', u'DS 5', u'Peugeot 208', u'Peugeot 308', u'Peugeot 508', u'Renault Twingo', u'Renault Megane', u'Renault Kadjar', u'VW Polo', u'VW Golf', u'VW Passat', u'Ford Fiesta', u'Ford Focus', u'Ford Mondeo', u'Mercedes Classe A', u'Mercedes Classe B', u'Mercedes Classe C', u'BMW Serie 3', u'BMW Serie 5', u'BMW Serie 7']
DEBUG:root:53460 cars injected
DEBUG:root:Models loaded:
DEBUG:root:[u'Citroen C3', u'Citroen C4', u'Citroen C5', u'DS 3', u'DS 4', u'DS 5', u'Peugeot 208', u'Peugeot 308', u'Peugeot 508', u'Renault Twingo', u'Renault Megane', u'Renault Kadjar', u'VW Polo', u'VW Golf', u'VW Passat', u'Ford Fiesta', u'Ford Focus', u'Ford Mondeo', u'Mercedes Classe A', u'Mercedes Classe B', u'Mercedes Classe C', u'BMW Serie 3', u'BMW Serie 5', u'BMW Serie 7']
DEBUG:root:Models loaded:
DEBUG:root:[u'Citroen C3', u'Citroen C4', u'Citroen C5', u'DS 3', u'DS 4', u'DS 5', u'Peugeot 208', u'Peugeot 308', u'Peugeot 508', u'Renault Twingo', u'Renault Megane', u'Renault Kadjar', u'VW Polo', u'VW Golf', u'VW Passat', u'Ford Fiesta', u'Ford Focus', u'Ford Mondeo', u'Mercedes Classe A', u'Mercedes Classe B', u'Mercedes Classe C', u'BMW Serie 3', u'BMW Serie 5', u'BMW Serie 7']
DEBUG:root:54270 cars injected
DEBUG:root:Models loaded:
DEBUG:root:[u'Citroen C3', u'Citroen C4', u'Citroen C5', u'DS 3', u'DS 4', u'DS 5', u'Peugeot 208', u'Peugeot 308', u'Peugeot 508', u'Renault Twingo', u'Renault Megane', u'Renault Kadjar', u'VW Polo', u'VW Golf', u'VW Passat', u'Ford Fiesta', u'Ford Focus', u'Ford Mondeo', u'Mercedes Classe A', u'Mercedes Classe B', u'Mercedes Classe C', u'BMW Serie 3', u'BMW Serie 5', u'BMW Serie 7']
DEBUG:root:Models loaded:
DEBUG:root:[u'Citroen C3', u'Citroen C4', u'Citroen C5', u'DS 3', u'DS 4', u'DS 5', u'Peugeot 208', u'Peugeot 308', u'Peugeot 508', u'Renault Twingo', u'Renault Megane', u'Renault Kadjar', u'VW Polo', u'VW Golf', u'VW Passat', u'Ford Fiesta', u'Ford Focus', u'Ford Mondeo', u'Mercedes Classe A', u'Mercedes Classe B', u'Mercedes Classe C', u'BMW Serie 3', u'BMW Serie 5', u'BMW Serie 7']
DEBUG:root:55080 cars injected
DEBUG:root:Models loaded:
DEBUG:root:[u'Citroen C3', u'Citroen C4', u'Citroen C5', u'DS 3', u'DS 4', u'DS 5', u'Peugeot 208', u'Peugeot 308', u'Peugeot 508', u'Renault Twingo', u'Renault Megane', u'Renault Kadjar', u'VW Polo', u'VW Golf', u'VW Passat', u'Ford Fiesta', u'Ford Focus', u'Ford Mondeo', u'Mercedes Classe A', u'Mercedes Classe B', u'Mercedes Classe C', u'BMW Serie 3', u'BMW Serie 5', u'BMW Serie 7']
DEBUG:root:Models loaded:
DEBUG:root:[u'Citroen C3', u'Citroen C4', u'Citroen C5', u'DS 3', u'DS 4', u'DS 5', u'Peugeot 208', u'Peugeot 308', u'Peugeot 508', u'Renault Twingo', u'Renault Megane', u'Renault Kadjar', u'VW Polo', u'VW Golf', u'VW Passat', u'Ford Fiesta', u'Ford Focus', u'Ford Mondeo', u'Mercedes Classe A', u'Mercedes Classe B', u'Mercedes Classe C', u'BMW Serie 3', u'BMW Serie 5', u'BMW Serie 7']
DEBUG:root:55890 cars injected
DEBUG:root:Models loaded:
DEBUG:root:[u'Citroen C3', u'Citroen C4', u'Citroen C5', u'DS 3', u'DS 4', u'DS 5', u'Peugeot 208', u'Peugeot 308', u'Peugeot 508', u'Renault Twingo', u'Renault Megane', u'Renault Kadjar', u'VW Polo', u'VW Golf', u'VW Passat', u'Ford Fiesta', u'Ford Focus', u'Ford Mondeo', u'Mercedes Classe A', u'Mercedes Classe B', u'Mercedes Classe C', u'BMW Serie 3', u'BMW Serie 5', u'BMW Serie 7']
DEBUG:root:Models loaded:
DEBUG:root:[u'Citroen C3', u'Citroen C4', u'Citroen C5', u'DS 3', u'DS 4', u'DS 5', u'Peugeot 208', u'Peugeot 308', u'Peugeot 508', u'Renault Twingo', u'Renault Megane', u'Renault Kadjar', u'VW Polo', u'VW Golf', u'VW Passat', u'Ford Fiesta', u'Ford Focus', u'Ford Mondeo', u'Mercedes Classe A', u'Mercedes Classe B', u'Mercedes Classe C', u'BMW Serie 3', u'BMW Serie 5', u'BMW Serie 7']
DEBUG:root:56700 cars injected
DEBUG:root:Models loaded:
DEBUG:root:[u'Citroen C3', u'Citroen C4', u'Citroen C5', u'DS 3', u'DS 4', u'DS 5', u'Peugeot 208', u'Peugeot 308', u'Peugeot 508', u'Renault Twingo', u'Renault Megane', u'Renault Kadjar', u'VW Polo', u'VW Golf', u'VW Passat', u'Ford Fiesta', u'Ford Focus', u'Ford Mondeo', u'Mercedes Classe A', u'Mercedes Classe B', u'Mercedes Classe C', u'BMW Serie 3', u'BMW Serie 5', u'BMW Serie 7']
DEBUG:root:Models loaded:
DEBUG:root:[u'Citroen C3', u'Citroen C4', u'Citroen C5', u'DS 3', u'DS 4', u'DS 5', u'Peugeot 208', u'Peugeot 308', u'Peugeot 508', u'Renault Twingo', u'Renault Megane', u'Renault Kadjar', u'VW Polo', u'VW Golf', u'VW Passat', u'Ford Fiesta', u'Ford Focus', u'Ford Mondeo', u'Mercedes Classe A', u'Mercedes Classe B', u'Mercedes Classe C', u'BMW Serie 3', u'BMW Serie 5', u'BMW Serie 7']
DEBUG:root:57510 cars injected
DEBUG:root:Models loaded:
DEBUG:root:[u'Citroen C3', u'Citroen C4', u'Citroen C5', u'DS 3', u'DS 4', u'DS 5', u'Peugeot 208', u'Peugeot 308', u'Peugeot 508', u'Renault Twingo', u'Renault Megane', u'Renault Kadjar', u'VW Polo', u'VW Golf', u'VW Passat', u'Ford Fiesta', u'Ford Focus', u'Ford Mondeo', u'Mercedes Classe A', u'Mercedes Classe B', u'Mercedes Classe C', u'BMW Serie 3', u'BMW Serie 5', u'BMW Serie 7']
DEBUG:root:Models loaded:
DEBUG:root:[u'Citroen C3', u'Citroen C4', u'Citroen C5', u'DS 3', u'DS 4', u'DS 5', u'Peugeot 208', u'Peugeot 308', u'Peugeot 508', u'Renault Twingo', u'Renault Megane', u'Renault Kadjar', u'VW Polo', u'VW Golf', u'VW Passat', u'Ford Fiesta', u'Ford Focus', u'Ford Mondeo', u'Mercedes Classe A', u'Mercedes Classe B', u'Mercedes Classe C', u'BMW Serie 3', u'BMW Serie 5', u'BMW Serie 7']
DEBUG:root:58320 cars injected
DEBUG:root:Models loaded:
DEBUG:root:[u'Citroen C3', u'Citroen C4', u'Citroen C5', u'DS 3', u'DS 4', u'DS 5', u'Peugeot 208', u'Peugeot 308', u'Peugeot 508', u'Renault Twingo', u'Renault Megane', u'Renault Kadjar', u'VW Polo', u'VW Golf', u'VW Passat', u'Ford Fiesta', u'Ford Focus', u'Ford Mondeo', u'Mercedes Classe A', u'Mercedes Classe B', u'Mercedes Classe C', u'BMW Serie 3', u'BMW Serie 5', u'BMW Serie 7']
DEBUG:root:Models loaded:
DEBUG:root:[u'Citroen C3', u'Citroen C4', u'Citroen C5', u'DS 3', u'DS 4', u'DS 5', u'Peugeot 208', u'Peugeot 308', u'Peugeot 508', u'Renault Twingo', u'Renault Megane', u'Renault Kadjar', u'VW Polo', u'VW Golf', u'VW Passat', u'Ford Fiesta', u'Ford Focus', u'Ford Mondeo', u'Mercedes Classe A', u'Mercedes Classe B', u'Mercedes Classe C', u'BMW Serie 3', u'BMW Serie 5', u'BMW Serie 7']
DEBUG:root:59130 cars injected
DEBUG:root:Models loaded:
DEBUG:root:[u'Citroen C3', u'Citroen C4', u'Citroen C5', u'DS 3', u'DS 4', u'DS 5', u'Peugeot 208', u'Peugeot 308', u'Peugeot 508', u'Renault Twingo', u'Renault Megane', u'Renault Kadjar', u'VW Polo', u'VW Golf', u'VW Passat', u'Ford Fiesta', u'Ford Focus', u'Ford Mondeo', u'Mercedes Classe A', u'Mercedes Classe B', u'Mercedes Classe C', u'BMW Serie 3', u'BMW Serie 5', u'BMW Serie 7']
DEBUG:root:Models loaded:
DEBUG:root:[u'Citroen C3', u'Citroen C4', u'Citroen C5', u'DS 3', u'DS 4', u'DS 5', u'Peugeot 208', u'Peugeot 308', u'Peugeot 508', u'Renault Twingo', u'Renault Megane', u'Renault Kadjar', u'VW Polo', u'VW Golf', u'VW Passat', u'Ford Fiesta', u'Ford Focus', u'Ford Mondeo', u'Mercedes Classe A', u'Mercedes Classe B', u'Mercedes Classe C', u'BMW Serie 3', u'BMW Serie 5', u'BMW Serie 7']
DEBUG:root:59940 cars injected
DEBUG:root:Models loaded:
DEBUG:root:[u'Citroen C3', u'Citroen C4', u'Citroen C5', u'DS 3', u'DS 4', u'DS 5', u'Peugeot 208', u'Peugeot 308', u'Peugeot 508', u'Renault Twingo', u'Renault Megane', u'Renault Kadjar', u'VW Polo', u'VW Golf', u'VW Passat', u'Ford Fiesta', u'Ford Focus', u'Ford Mondeo', u'Mercedes Classe A', u'Mercedes Classe B', u'Mercedes Classe C', u'BMW Serie 3', u'BMW Serie 5', u'BMW Serie 7']
DEBUG:root:Models loaded:
DEBUG:root:[u'Citroen C3', u'Citroen C4', u'Citroen C5', u'DS 3', u'DS 4', u'DS 5', u'Peugeot 208', u'Peugeot 308', u'Peugeot 508', u'Renault Twingo', u'Renault Megane', u'Renault Kadjar', u'VW Polo', u'VW Golf', u'VW Passat', u'Ford Fiesta', u'Ford Focus', u'Ford Mondeo', u'Mercedes Classe A', u'Mercedes Classe B', u'Mercedes Classe C', u'BMW Serie 3', u'BMW Serie 5', u'BMW Serie 7']
DEBUG:root:60750 cars injected
DEBUG:root:Models loaded:
DEBUG:root:[u'Citroen C3', u'Citroen C4', u'Citroen C5', u'DS 3', u'DS 4', u'DS 5', u'Peugeot 208', u'Peugeot 308', u'Peugeot 508', u'Renault Twingo', u'Renault Megane', u'Renault Kadjar', u'VW Polo', u'VW Golf', u'VW Passat', u'Ford Fiesta', u'Ford Focus', u'Ford Mondeo', u'Mercedes Classe A', u'Mercedes Classe B', u'Mercedes Classe C', u'BMW Serie 3', u'BMW Serie 5', u'BMW Serie 7']
DEBUG:root:Models loaded:
DEBUG:root:[u'Citroen C3', u'Citroen C4', u'Citroen C5', u'DS 3', u'DS 4', u'DS 5', u'Peugeot 208', u'Peugeot 308', u'Peugeot 508', u'Renault Twingo', u'Renault Megane', u'Renault Kadjar', u'VW Polo', u'VW Golf', u'VW Passat', u'Ford Fiesta', u'Ford Focus', u'Ford Mondeo', u'Mercedes Classe A', u'Mercedes Classe B', u'Mercedes Classe C', u'BMW Serie 3', u'BMW Serie 5', u'BMW Serie 7']
DEBUG:root:61560 cars injected
DEBUG:root:Models loaded:
DEBUG:root:[u'Citroen C3', u'Citroen C4', u'Citroen C5', u'DS 3', u'DS 4', u'DS 5', u'Peugeot 208', u'Peugeot 308', u'Peugeot 508', u'Renault Twingo', u'Renault Megane', u'Renault Kadjar', u'VW Polo', u'VW Golf', u'VW Passat', u'Ford Fiesta', u'Ford Focus', u'Ford Mondeo', u'Mercedes Classe A', u'Mercedes Classe B', u'Mercedes Classe C', u'BMW Serie 3', u'BMW Serie 5', u'BMW Serie 7']
DEBUG:root:Models loaded:
DEBUG:root:[u'Citroen C3', u'Citroen C4', u'Citroen C5', u'DS 3', u'DS 4', u'DS 5', u'Peugeot 208', u'Peugeot 308', u'Peugeot 508', u'Renault Twingo', u'Renault Megane', u'Renault Kadjar', u'VW Polo', u'VW Golf', u'VW Passat', u'Ford Fiesta', u'Ford Focus', u'Ford Mondeo', u'Mercedes Classe A', u'Mercedes Classe B', u'Mercedes Classe C', u'BMW Serie 3', u'BMW Serie 5', u'BMW Serie 7']
DEBUG:root:62370 cars injected
DEBUG:root:Models loaded:
DEBUG:root:[u'Citroen C3', u'Citroen C4', u'Citroen C5', u'DS 3', u'DS 4', u'DS 5', u'Peugeot 208', u'Peugeot 308', u'Peugeot 508', u'Renault Twingo', u'Renault Megane', u'Renault Kadjar', u'VW Polo', u'VW Golf', u'VW Passat', u'Ford Fiesta', u'Ford Focus', u'Ford Mondeo', u'Mercedes Classe A', u'Mercedes Classe B', u'Mercedes Classe C', u'BMW Serie 3', u'BMW Serie 5', u'BMW Serie 7']
DEBUG:root:Models loaded:
DEBUG:root:[u'Citroen C3', u'Citroen C4', u'Citroen C5', u'DS 3', u'DS 4', u'DS 5', u'Peugeot 208', u'Peugeot 308', u'Peugeot 508', u'Renault Twingo', u'Renault Megane', u'Renault Kadjar', u'VW Polo', u'VW Golf', u'VW Passat', u'Ford Fiesta', u'Ford Focus', u'Ford Mondeo', u'Mercedes Classe A', u'Mercedes Classe B', u'Mercedes Classe C', u'BMW Serie 3', u'BMW Serie 5', u'BMW Serie 7']
DEBUG:root:63180 cars injected
DEBUG:root:Models loaded:
DEBUG:root:[u'Citroen C3', u'Citroen C4', u'Citroen C5', u'DS 3', u'DS 4', u'DS 5', u'Peugeot 208', u'Peugeot 308', u'Peugeot 508', u'Renault Twingo', u'Renault Megane', u'Renault Kadjar', u'VW Polo', u'VW Golf', u'VW Passat', u'Ford Fiesta', u'Ford Focus', u'Ford Mondeo', u'Mercedes Classe A', u'Mercedes Classe B', u'Mercedes Classe C', u'BMW Serie 3', u'BMW Serie 5', u'BMW Serie 7']
DEBUG:root:Models loaded:
DEBUG:root:[u'Citroen C3', u'Citroen C4', u'Citroen C5', u'DS 3', u'DS 4', u'DS 5', u'Peugeot 208', u'Peugeot 308', u'Peugeot 508', u'Renault Twingo', u'Renault Megane', u'Renault Kadjar', u'VW Polo', u'VW Golf', u'VW Passat', u'Ford Fiesta', u'Ford Focus', u'Ford Mondeo', u'Mercedes Classe A', u'Mercedes Classe B', u'Mercedes Classe C', u'BMW Serie 3', u'BMW Serie 5', u'BMW Serie 7']
DEBUG:root:63990 cars injected
DEBUG:root:Models loaded:
DEBUG:root:[u'Citroen C3', u'Citroen C4', u'Citroen C5', u'DS 3', u'DS 4', u'DS 5', u'Peugeot 208', u'Peugeot 308', u'Peugeot 508', u'Renault Twingo', u'Renault Megane', u'Renault Kadjar', u'VW Polo', u'VW Golf', u'VW Passat', u'Ford Fiesta', u'Ford Focus', u'Ford Mondeo', u'Mercedes Classe A', u'Mercedes Classe B', u'Mercedes Classe C', u'BMW Serie 3', u'BMW Serie 5', u'BMW Serie 7']
DEBUG:root:Models loaded:
DEBUG:root:[u'Citroen C3', u'Citroen C4', u'Citroen C5', u'DS 3', u'DS 4', u'DS 5', u'Peugeot 208', u'Peugeot 308', u'Peugeot 508', u'Renault Twingo', u'Renault Megane', u'Renault Kadjar', u'VW Polo', u'VW Golf', u'VW Passat', u'Ford Fiesta', u'Ford Focus', u'Ford Mondeo', u'Mercedes Classe A', u'Mercedes Classe B', u'Mercedes Classe C', u'BMW Serie 3', u'BMW Serie 5', u'BMW Serie 7']
DEBUG:root:64800 cars injected
DEBUG:root:Models loaded:
DEBUG:root:[u'Citroen C3', u'Citroen C4', u'Citroen C5', u'DS 3', u'DS 4', u'DS 5', u'Peugeot 208', u'Peugeot 308', u'Peugeot 508', u'Renault Twingo', u'Renault Megane', u'Renault Kadjar', u'VW Polo', u'VW Golf', u'VW Passat', u'Ford Fiesta', u'Ford Focus', u'Ford Mondeo', u'Mercedes Classe A', u'Mercedes Classe B', u'Mercedes Classe C', u'BMW Serie 3', u'BMW Serie 5', u'BMW Serie 7']
DEBUG:root:Models loaded:
DEBUG:root:[u'Citroen C3', u'Citroen C4', u'Citroen C5', u'DS 3', u'DS 4', u'DS 5', u'Peugeot 208', u'Peugeot 308', u'Peugeot 508', u'Renault Twingo', u'Renault Megane', u'Renault Kadjar', u'VW Polo', u'VW Golf', u'VW Passat', u'Ford Fiesta', u'Ford Focus', u'Ford Mondeo', u'Mercedes Classe A', u'Mercedes Classe B', u'Mercedes Classe C', u'BMW Serie 3', u'BMW Serie 5', u'BMW Serie 7']
DEBUG:root:65610 cars injected
DEBUG:root:Models loaded:
DEBUG:root:[u'Citroen C3', u'Citroen C4', u'Citroen C5', u'DS 3', u'DS 4', u'DS 5', u'Peugeot 208', u'Peugeot 308', u'Peugeot 508', u'Renault Twingo', u'Renault Megane', u'Renault Kadjar', u'VW Polo', u'VW Golf', u'VW Passat', u'Ford Fiesta', u'Ford Focus', u'Ford Mondeo', u'Mercedes Classe A', u'Mercedes Classe B', u'Mercedes Classe C', u'BMW Serie 3', u'BMW Serie 5', u'BMW Serie 7']
DEBUG:root:Models loaded:
DEBUG:root:[u'Citroen C3', u'Citroen C4', u'Citroen C5', u'DS 3', u'DS 4', u'DS 5', u'Peugeot 208', u'Peugeot 308', u'Peugeot 508', u'Renault Twingo', u'Renault Megane', u'Renault Kadjar', u'VW Polo', u'VW Golf', u'VW Passat', u'Ford Fiesta', u'Ford Focus', u'Ford Mondeo', u'Mercedes Classe A', u'Mercedes Classe B', u'Mercedes Classe C', u'BMW Serie 3', u'BMW Serie 5', u'BMW Serie 7']
DEBUG:root:66420 cars injected
DEBUG:root:Models loaded:
DEBUG:root:[u'Citroen C3', u'Citroen C4', u'Citroen C5', u'DS 3', u'DS 4', u'DS 5', u'Peugeot 208', u'Peugeot 308', u'Peugeot 508', u'Renault Twingo', u'Renault Megane', u'Renault Kadjar', u'VW Polo', u'VW Golf', u'VW Passat', u'Ford Fiesta', u'Ford Focus', u'Ford Mondeo', u'Mercedes Classe A', u'Mercedes Classe B', u'Mercedes Classe C', u'BMW Serie 3', u'BMW Serie 5', u'BMW Serie 7']
DEBUG:root:Models loaded:
DEBUG:root:[u'Citroen C3', u'Citroen C4', u'Citroen C5', u'DS 3', u'DS 4', u'DS 5', u'Peugeot 208', u'Peugeot 308', u'Peugeot 508', u'Renault Twingo', u'Renault Megane', u'Renault Kadjar', u'VW Polo', u'VW Golf', u'VW Passat', u'Ford Fiesta', u'Ford Focus', u'Ford Mondeo', u'Mercedes Classe A', u'Mercedes Classe B', u'Mercedes Classe C', u'BMW Serie 3', u'BMW Serie 5', u'BMW Serie 7']
DEBUG:root:67230 cars injected
DEBUG:root:Models loaded:
DEBUG:root:[u'Citroen C3', u'Citroen C4', u'Citroen C5', u'DS 3', u'DS 4', u'DS 5', u'Peugeot 208', u'Peugeot 308', u'Peugeot 508', u'Renault Twingo', u'Renault Megane', u'Renault Kadjar', u'VW Polo', u'VW Golf', u'VW Passat', u'Ford Fiesta', u'Ford Focus', u'Ford Mondeo', u'Mercedes Classe A', u'Mercedes Classe B', u'Mercedes Classe C', u'BMW Serie 3', u'BMW Serie 5', u'BMW Serie 7']
DEBUG:root:Models loaded:
DEBUG:root:[u'Citroen C3', u'Citroen C4', u'Citroen C5', u'DS 3', u'DS 4', u'DS 5', u'Peugeot 208', u'Peugeot 308', u'Peugeot 508', u'Renault Twingo', u'Renault Megane', u'Renault Kadjar', u'VW Polo', u'VW Golf', u'VW Passat', u'Ford Fiesta', u'Ford Focus', u'Ford Mondeo', u'Mercedes Classe A', u'Mercedes Classe B', u'Mercedes Classe C', u'BMW Serie 3', u'BMW Serie 5', u'BMW Serie 7']
DEBUG:root:68040 cars injected
DEBUG:root:Models loaded:
DEBUG:root:[u'Citroen C3', u'Citroen C4', u'Citroen C5', u'DS 3', u'DS 4', u'DS 5', u'Peugeot 208', u'Peugeot 308', u'Peugeot 508', u'Renault Twingo', u'Renault Megane', u'Renault Kadjar', u'VW Polo', u'VW Golf', u'VW Passat', u'Ford Fiesta', u'Ford Focus', u'Ford Mondeo', u'Mercedes Classe A', u'Mercedes Classe B', u'Mercedes Classe C', u'BMW Serie 3', u'BMW Serie 5', u'BMW Serie 7']
DEBUG:root:Models loaded:
DEBUG:root:[u'Citroen C3', u'Citroen C4', u'Citroen C5', u'DS 3', u'DS 4', u'DS 5', u'Peugeot 208', u'Peugeot 308', u'Peugeot 508', u'Renault Twingo', u'Renault Megane', u'Renault Kadjar', u'VW Polo', u'VW Golf', u'VW Passat', u'Ford Fiesta', u'Ford Focus', u'Ford Mondeo', u'Mercedes Classe A', u'Mercedes Classe B', u'Mercedes Classe C', u'BMW Serie 3', u'BMW Serie 5', u'BMW Serie 7']
DEBUG:root:68850 cars injected
DEBUG:root:Models loaded:
DEBUG:root:[u'Citroen C3', u'Citroen C4', u'Citroen C5', u'DS 3', u'DS 4', u'DS 5', u'Peugeot 208', u'Peugeot 308', u'Peugeot 508', u'Renault Twingo', u'Renault Megane', u'Renault Kadjar', u'VW Polo', u'VW Golf', u'VW Passat', u'Ford Fiesta', u'Ford Focus', u'Ford Mondeo', u'Mercedes Classe A', u'Mercedes Classe B', u'Mercedes Classe C', u'BMW Serie 3', u'BMW Serie 5', u'BMW Serie 7']
DEBUG:root:Models loaded:
DEBUG:root:[u'Citroen C3', u'Citroen C4', u'Citroen C5', u'DS 3', u'DS 4', u'DS 5', u'Peugeot 208', u'Peugeot 308', u'Peugeot 508', u'Renault Twingo', u'Renault Megane', u'Renault Kadjar', u'VW Polo', u'VW Golf', u'VW Passat', u'Ford Fiesta', u'Ford Focus', u'Ford Mondeo', u'Mercedes Classe A', u'Mercedes Classe B', u'Mercedes Classe C', u'BMW Serie 3', u'BMW Serie 5', u'BMW Serie 7']
DEBUG:root:69660 cars injected
DEBUG:root:Models loaded:
DEBUG:root:[u'Citroen C3', u'Citroen C4', u'Citroen C5', u'DS 3', u'DS 4', u'DS 5', u'Peugeot 208', u'Peugeot 308', u'Peugeot 508', u'Renault Twingo', u'Renault Megane', u'Renault Kadjar', u'VW Polo', u'VW Golf', u'VW Passat', u'Ford Fiesta', u'Ford Focus', u'Ford Mondeo', u'Mercedes Classe A', u'Mercedes Classe B', u'Mercedes Classe C', u'BMW Serie 3', u'BMW Serie 5', u'BMW Serie 7']
DEBUG:root:Models loaded:
DEBUG:root:[u'Citroen C3', u'Citroen C4', u'Citroen C5', u'DS 3', u'DS 4', u'DS 5', u'Peugeot 208', u'Peugeot 308', u'Peugeot 508', u'Renault Twingo', u'Renault Megane', u'Renault Kadjar', u'VW Polo', u'VW Golf', u'VW Passat', u'Ford Fiesta', u'Ford Focus', u'Ford Mondeo', u'Mercedes Classe A', u'Mercedes Classe B', u'Mercedes Classe C', u'BMW Serie 3', u'BMW Serie 5', u'BMW Serie 7']
DEBUG:root:70470 cars injected
DEBUG:root:Models loaded:
DEBUG:root:[u'Citroen C3', u'Citroen C4', u'Citroen C5', u'DS 3', u'DS 4', u'DS 5', u'Peugeot 208', u'Peugeot 308', u'Peugeot 508', u'Renault Twingo', u'Renault Megane', u'Renault Kadjar', u'VW Polo', u'VW Golf', u'VW Passat', u'Ford Fiesta', u'Ford Focus', u'Ford Mondeo', u'Mercedes Classe A', u'Mercedes Classe B', u'Mercedes Classe C', u'BMW Serie 3', u'BMW Serie 5', u'BMW Serie 7']
DEBUG:root:Models loaded:
DEBUG:root:[u'Citroen C3', u'Citroen C4', u'Citroen C5', u'DS 3', u'DS 4', u'DS 5', u'Peugeot 208', u'Peugeot 308', u'Peugeot 508', u'Renault Twingo', u'Renault Megane', u'Renault Kadjar', u'VW Polo', u'VW Golf', u'VW Passat', u'Ford Fiesta', u'Ford Focus', u'Ford Mondeo', u'Mercedes Classe A', u'Mercedes Classe B', u'Mercedes Classe C', u'BMW Serie 3', u'BMW Serie 5', u'BMW Serie 7']
DEBUG:root:71280 cars injected
DEBUG:root:Models loaded:
DEBUG:root:[u'Citroen C3', u'Citroen C4', u'Citroen C5', u'DS 3', u'DS 4', u'DS 5', u'Peugeot 208', u'Peugeot 308', u'Peugeot 508', u'Renault Twingo', u'Renault Megane', u'Renault Kadjar', u'VW Polo', u'VW Golf', u'VW Passat', u'Ford Fiesta', u'Ford Focus', u'Ford Mondeo', u'Mercedes Classe A', u'Mercedes Classe B', u'Mercedes Classe C', u'BMW Serie 3', u'BMW Serie 5', u'BMW Serie 7']
DEBUG:root:Models loaded:
DEBUG:root:[u'Citroen C3', u'Citroen C4', u'Citroen C5', u'DS 3', u'DS 4', u'DS 5', u'Peugeot 208', u'Peugeot 308', u'Peugeot 508', u'Renault Twingo', u'Renault Megane', u'Renault Kadjar', u'VW Polo', u'VW Golf', u'VW Passat', u'Ford Fiesta', u'Ford Focus', u'Ford Mondeo', u'Mercedes Classe A', u'Mercedes Classe B', u'Mercedes Classe C', u'BMW Serie 3', u'BMW Serie 5', u'BMW Serie 7']
