DEBUG:urllib3.connectionpool:Starting new HTTPS connection (1): demo.mapr.com:8443
DEBUG:urllib3.connectionpool:https://demo.mapr.com:8443 "POST /rest/stream/info?path=/mapr/demo.mapr.com/mapr-global-streaming-demo/data/source/north-america_UI HTTP/1.1" 200 249
DEBUG:root:creating stream /mapr/demo.mapr.com/mapr-global-streaming-demo/data/source/north-america_UI
DEBUG:urllib3.connectionpool:Starting new HTTPS connection (1): demo.mapr.com:8443
DEBUG:urllib3.connectionpool:https://demo.mapr.com:8443 "POST /rest/stream/create?path=/mapr/demo.mapr.com/mapr-global-streaming-demo/data/source/north-america_UI&produceperm=p&consumeperm=p&topicperm=p&copyperm=p&adminperm=p HTTP/1.1" 200 111
DEBUG:root:stream created
DEBUG:root:creating producer for /mapr/demo.mapr.com/mapr-global-streaming-demo/data/source/north-america_UI
DEBUG:urllib3.connectionpool:Starting new HTTPS connection (1): demo.mapr.com:8443
DEBUG:urllib3.connectionpool:https://demo.mapr.com:8443 "POST /rest/stream/info?path=/mapr/demo.mapr.com/mapr-global-streaming-demo/data/source/north-america_UI HTTP/1.1" 200 249
DEBUG:root:creating stream /mapr/demo.mapr.com/mapr-global-streaming-demo/data/source/north-america_UI
DEBUG:urllib3.connectionpool:Starting new HTTPS connection (1): demo.mapr.com:8443
DEBUG:urllib3.connectionpool:https://demo.mapr.com:8443 "POST /rest/stream/create?path=/mapr/demo.mapr.com/mapr-global-streaming-demo/data/source/north-america_UI&produceperm=p&consumeperm=p&topicperm=p&copyperm=p&adminperm=p HTTP/1.1" 200 111
DEBUG:root:stream created
DEBUG:root:creating producer for /mapr/demo.mapr.com/mapr-global-streaming-demo/data/source/north-america_UI
DEBUG:root:Models loaded:
DEBUG:root:[u'Citroen C3', u'Citroen C4', u'Citroen C5', u'DS 3', u'DS 4', u'DS 5', u'Peugeot 208', u'Peugeot 308', u'Peugeot 508', u'Renault Twingo', u'Renault Megane', u'Renault Kadjar', u'VW Polo', u'VW Golf', u'VW Passat', u'Ford Fiesta', u'Ford Focus', u'Ford Mondeo', u'Mercedes Classe A', u'Mercedes Classe B', u'Mercedes Classe C', u'BMW Serie 3', u'BMW Serie 5', u'BMW Serie 7']
DEBUG:root:Injecting ...
DEBUG:root:790 cars injected
DEBUG:root:Models loaded:
DEBUG:root:[u'Citroen C3', u'Citroen C4', u'Citroen C5', u'DS 3', u'DS 4', u'DS 5', u'Peugeot 208', u'Peugeot 308', u'Peugeot 508', u'Renault Twingo', u'Renault Megane', u'Renault Kadjar', u'VW Polo', u'VW Golf', u'VW Passat', u'Ford Fiesta', u'Ford Focus', u'Ford Mondeo', u'Mercedes Classe A', u'Mercedes Classe B', u'Mercedes Classe C', u'BMW Serie 3', u'BMW Serie 5', u'BMW Serie 7']
DEBUG:root:Models loaded:
DEBUG:root:[u'Citroen C3', u'Citroen C4', u'Citroen C5', u'DS 3', u'DS 4', u'DS 5', u'Peugeot 208', u'Peugeot 308', u'Peugeot 508', u'Renault Twingo', u'Renault Megane', u'Renault Kadjar', u'VW Polo', u'VW Golf', u'VW Passat', u'Ford Fiesta', u'Ford Focus', u'Ford Mondeo', u'Mercedes Classe A', u'Mercedes Classe B', u'Mercedes Classe C', u'BMW Serie 3', u'BMW Serie 5', u'BMW Serie 7']
DEBUG:root:1580 cars injected
DEBUG:root:Models loaded:
DEBUG:root:[u'Citroen C3', u'Citroen C4', u'Citroen C5', u'DS 3', u'DS 4', u'DS 5', u'Peugeot 208', u'Peugeot 308', u'Peugeot 508', u'Renault Twingo', u'Renault Megane', u'Renault Kadjar', u'VW Polo', u'VW Golf', u'VW Passat', u'Ford Fiesta', u'Ford Focus', u'Ford Mondeo', u'Mercedes Classe A', u'Mercedes Classe B', u'Mercedes Classe C', u'BMW Serie 3', u'BMW Serie 5', u'BMW Serie 7']
DEBUG:root:Models loaded:
DEBUG:root:[u'Citroen C3', u'Citroen C4', u'Citroen C5', u'DS 3', u'DS 4', u'DS 5', u'Peugeot 208', u'Peugeot 308', u'Peugeot 508', u'Renault Twingo', u'Renault Megane', u'Renault Kadjar', u'VW Polo', u'VW Golf', u'VW Passat', u'Ford Fiesta', u'Ford Focus', u'Ford Mondeo', u'Mercedes Classe A', u'Mercedes Classe B', u'Mercedes Classe C', u'BMW Serie 3', u'BMW Serie 5', u'BMW Serie 7']
DEBUG:root:2370 cars injected
DEBUG:root:Models loaded:
DEBUG:root:[u'Citroen C3', u'Citroen C4', u'Citroen C5', u'DS 3', u'DS 4', u'DS 5', u'Peugeot 208', u'Peugeot 308', u'Peugeot 508', u'Renault Twingo', u'Renault Megane', u'Renault Kadjar', u'VW Polo', u'VW Golf', u'VW Passat', u'Ford Fiesta', u'Ford Focus', u'Ford Mondeo', u'Mercedes Classe A', u'Mercedes Classe B', u'Mercedes Classe C', u'BMW Serie 3', u'BMW Serie 5', u'BMW Serie 7']
DEBUG:root:Models loaded:
DEBUG:root:[u'Citroen C3', u'Citroen C4', u'Citroen C5', u'DS 3', u'DS 4', u'DS 5', u'Peugeot 208', u'Peugeot 308', u'Peugeot 508', u'Renault Twingo', u'Renault Megane', u'Renault Kadjar', u'VW Polo', u'VW Golf', u'VW Passat', u'Ford Fiesta', u'Ford Focus', u'Ford Mondeo', u'Mercedes Classe A', u'Mercedes Classe B', u'Mercedes Classe C', u'BMW Serie 3', u'BMW Serie 5', u'BMW Serie 7']
DEBUG:root:3160 cars injected
DEBUG:root:Models loaded:
DEBUG:root:[u'Citroen C3', u'Citroen C4', u'Citroen C5', u'DS 3', u'DS 4', u'DS 5', u'Peugeot 208', u'Peugeot 308', u'Peugeot 508', u'Renault Twingo', u'Renault Megane', u'Renault Kadjar', u'VW Polo', u'VW Golf', u'VW Passat', u'Ford Fiesta', u'Ford Focus', u'Ford Mondeo', u'Mercedes Classe A', u'Mercedes Classe B', u'Mercedes Classe C', u'BMW Serie 3', u'BMW Serie 5', u'BMW Serie 7']
DEBUG:root:Models loaded:
DEBUG:root:[u'Citroen C3', u'Citroen C4', u'Citroen C5', u'DS 3', u'DS 4', u'DS 5', u'Peugeot 208', u'Peugeot 308', u'Peugeot 508', u'Renault Twingo', u'Renault Megane', u'Renault Kadjar', u'VW Polo', u'VW Golf', u'VW Passat', u'Ford Fiesta', u'Ford Focus', u'Ford Mondeo', u'Mercedes Classe A', u'Mercedes Classe B', u'Mercedes Classe C', u'BMW Serie 3', u'BMW Serie 5', u'BMW Serie 7']
DEBUG:root:3950 cars injected
DEBUG:root:Models loaded:
DEBUG:root:[u'Citroen C3', u'Citroen C4', u'Citroen C5', u'DS 3', u'DS 4', u'DS 5', u'Peugeot 208', u'Peugeot 308', u'Peugeot 508', u'Renault Twingo', u'Renault Megane', u'Renault Kadjar', u'VW Polo', u'VW Golf', u'VW Passat', u'Ford Fiesta', u'Ford Focus', u'Ford Mondeo', u'Mercedes Classe A', u'Mercedes Classe B', u'Mercedes Classe C', u'BMW Serie 3', u'BMW Serie 5', u'BMW Serie 7']
DEBUG:root:Models loaded:
DEBUG:root:[u'Citroen C3', u'Citroen C4', u'Citroen C5', u'DS 3', u'DS 4', u'DS 5', u'Peugeot 208', u'Peugeot 308', u'Peugeot 508', u'Renault Twingo', u'Renault Megane', u'Renault Kadjar', u'VW Polo', u'VW Golf', u'VW Passat', u'Ford Fiesta', u'Ford Focus', u'Ford Mondeo', u'Mercedes Classe A', u'Mercedes Classe B', u'Mercedes Classe C', u'BMW Serie 3', u'BMW Serie 5', u'BMW Serie 7']
DEBUG:root:4740 cars injected
DEBUG:root:Models loaded:
DEBUG:root:[u'Citroen C3', u'Citroen C4', u'Citroen C5', u'DS 3', u'DS 4', u'DS 5', u'Peugeot 208', u'Peugeot 308', u'Peugeot 508', u'Renault Twingo', u'Renault Megane', u'Renault Kadjar', u'VW Polo', u'VW Golf', u'VW Passat', u'Ford Fiesta', u'Ford Focus', u'Ford Mondeo', u'Mercedes Classe A', u'Mercedes Classe B', u'Mercedes Classe C', u'BMW Serie 3', u'BMW Serie 5', u'BMW Serie 7']
DEBUG:root:Models loaded:
DEBUG:root:[u'Citroen C3', u'Citroen C4', u'Citroen C5', u'DS 3', u'DS 4', u'DS 5', u'Peugeot 208', u'Peugeot 308', u'Peugeot 508', u'Renault Twingo', u'Renault Megane', u'Renault Kadjar', u'VW Polo', u'VW Golf', u'VW Passat', u'Ford Fiesta', u'Ford Focus', u'Ford Mondeo', u'Mercedes Classe A', u'Mercedes Classe B', u'Mercedes Classe C', u'BMW Serie 3', u'BMW Serie 5', u'BMW Serie 7']
DEBUG:root:5530 cars injected
DEBUG:root:Models loaded:
DEBUG:root:[u'Citroen C3', u'Citroen C4', u'Citroen C5', u'DS 3', u'DS 4', u'DS 5', u'Peugeot 208', u'Peugeot 308', u'Peugeot 508', u'Renault Twingo', u'Renault Megane', u'Renault Kadjar', u'VW Polo', u'VW Golf', u'VW Passat', u'Ford Fiesta', u'Ford Focus', u'Ford Mondeo', u'Mercedes Classe A', u'Mercedes Classe B', u'Mercedes Classe C', u'BMW Serie 3', u'BMW Serie 5', u'BMW Serie 7']
DEBUG:root:Models loaded:
DEBUG:root:[u'Citroen C3', u'Citroen C4', u'Citroen C5', u'DS 3', u'DS 4', u'DS 5', u'Peugeot 208', u'Peugeot 308', u'Peugeot 508', u'Renault Twingo', u'Renault Megane', u'Renault Kadjar', u'VW Polo', u'VW Golf', u'VW Passat', u'Ford Fiesta', u'Ford Focus', u'Ford Mondeo', u'Mercedes Classe A', u'Mercedes Classe B', u'Mercedes Classe C', u'BMW Serie 3', u'BMW Serie 5', u'BMW Serie 7']
DEBUG:root:6320 cars injected
DEBUG:root:Models loaded:
DEBUG:root:[u'Citroen C3', u'Citroen C4', u'Citroen C5', u'DS 3', u'DS 4', u'DS 5', u'Peugeot 208', u'Peugeot 308', u'Peugeot 508', u'Renault Twingo', u'Renault Megane', u'Renault Kadjar', u'VW Polo', u'VW Golf', u'VW Passat', u'Ford Fiesta', u'Ford Focus', u'Ford Mondeo', u'Mercedes Classe A', u'Mercedes Classe B', u'Mercedes Classe C', u'BMW Serie 3', u'BMW Serie 5', u'BMW Serie 7']
DEBUG:root:Models loaded:
DEBUG:root:[u'Citroen C3', u'Citroen C4', u'Citroen C5', u'DS 3', u'DS 4', u'DS 5', u'Peugeot 208', u'Peugeot 308', u'Peugeot 508', u'Renault Twingo', u'Renault Megane', u'Renault Kadjar', u'VW Polo', u'VW Golf', u'VW Passat', u'Ford Fiesta', u'Ford Focus', u'Ford Mondeo', u'Mercedes Classe A', u'Mercedes Classe B', u'Mercedes Classe C', u'BMW Serie 3', u'BMW Serie 5', u'BMW Serie 7']
DEBUG:root:7110 cars injected
DEBUG:root:Models loaded:
DEBUG:root:[u'Citroen C3', u'Citroen C4', u'Citroen C5', u'DS 3', u'DS 4', u'DS 5', u'Peugeot 208', u'Peugeot 308', u'Peugeot 508', u'Renault Twingo', u'Renault Megane', u'Renault Kadjar', u'VW Polo', u'VW Golf', u'VW Passat', u'Ford Fiesta', u'Ford Focus', u'Ford Mondeo', u'Mercedes Classe A', u'Mercedes Classe B', u'Mercedes Classe C', u'BMW Serie 3', u'BMW Serie 5', u'BMW Serie 7']
DEBUG:root:Models loaded:
DEBUG:root:[u'Citroen C3', u'Citroen C4', u'Citroen C5', u'DS 3', u'DS 4', u'DS 5', u'Peugeot 208', u'Peugeot 308', u'Peugeot 508', u'Renault Twingo', u'Renault Megane', u'Renault Kadjar', u'VW Polo', u'VW Golf', u'VW Passat', u'Ford Fiesta', u'Ford Focus', u'Ford Mondeo', u'Mercedes Classe A', u'Mercedes Classe B', u'Mercedes Classe C', u'BMW Serie 3', u'BMW Serie 5', u'BMW Serie 7']
DEBUG:root:7900 cars injected
DEBUG:root:Models loaded:
DEBUG:root:[u'Citroen C3', u'Citroen C4', u'Citroen C5', u'DS 3', u'DS 4', u'DS 5', u'Peugeot 208', u'Peugeot 308', u'Peugeot 508', u'Renault Twingo', u'Renault Megane', u'Renault Kadjar', u'VW Polo', u'VW Golf', u'VW Passat', u'Ford Fiesta', u'Ford Focus', u'Ford Mondeo', u'Mercedes Classe A', u'Mercedes Classe B', u'Mercedes Classe C', u'BMW Serie 3', u'BMW Serie 5', u'BMW Serie 7']
DEBUG:root:Models loaded:
DEBUG:root:[u'Citroen C3', u'Citroen C4', u'Citroen C5', u'DS 3', u'DS 4', u'DS 5', u'Peugeot 208', u'Peugeot 308', u'Peugeot 508', u'Renault Twingo', u'Renault Megane', u'Renault Kadjar', u'VW Polo', u'VW Golf', u'VW Passat', u'Ford Fiesta', u'Ford Focus', u'Ford Mondeo', u'Mercedes Classe A', u'Mercedes Classe B', u'Mercedes Classe C', u'BMW Serie 3', u'BMW Serie 5', u'BMW Serie 7']
DEBUG:root:8690 cars injected
DEBUG:root:Models loaded:
DEBUG:root:[u'Citroen C3', u'Citroen C4', u'Citroen C5', u'DS 3', u'DS 4', u'DS 5', u'Peugeot 208', u'Peugeot 308', u'Peugeot 508', u'Renault Twingo', u'Renault Megane', u'Renault Kadjar', u'VW Polo', u'VW Golf', u'VW Passat', u'Ford Fiesta', u'Ford Focus', u'Ford Mondeo', u'Mercedes Classe A', u'Mercedes Classe B', u'Mercedes Classe C', u'BMW Serie 3', u'BMW Serie 5', u'BMW Serie 7']
DEBUG:root:Models loaded:
DEBUG:root:[u'Citroen C3', u'Citroen C4', u'Citroen C5', u'DS 3', u'DS 4', u'DS 5', u'Peugeot 208', u'Peugeot 308', u'Peugeot 508', u'Renault Twingo', u'Renault Megane', u'Renault Kadjar', u'VW Polo', u'VW Golf', u'VW Passat', u'Ford Fiesta', u'Ford Focus', u'Ford Mondeo', u'Mercedes Classe A', u'Mercedes Classe B', u'Mercedes Classe C', u'BMW Serie 3', u'BMW Serie 5', u'BMW Serie 7']
DEBUG:root:9480 cars injected
DEBUG:root:Models loaded:
DEBUG:root:[u'Citroen C3', u'Citroen C4', u'Citroen C5', u'DS 3', u'DS 4', u'DS 5', u'Peugeot 208', u'Peugeot 308', u'Peugeot 508', u'Renault Twingo', u'Renault Megane', u'Renault Kadjar', u'VW Polo', u'VW Golf', u'VW Passat', u'Ford Fiesta', u'Ford Focus', u'Ford Mondeo', u'Mercedes Classe A', u'Mercedes Classe B', u'Mercedes Classe C', u'BMW Serie 3', u'BMW Serie 5', u'BMW Serie 7']
DEBUG:root:Models loaded:
DEBUG:root:[u'Citroen C3', u'Citroen C4', u'Citroen C5', u'DS 3', u'DS 4', u'DS 5', u'Peugeot 208', u'Peugeot 308', u'Peugeot 508', u'Renault Twingo', u'Renault Megane', u'Renault Kadjar', u'VW Polo', u'VW Golf', u'VW Passat', u'Ford Fiesta', u'Ford Focus', u'Ford Mondeo', u'Mercedes Classe A', u'Mercedes Classe B', u'Mercedes Classe C', u'BMW Serie 3', u'BMW Serie 5', u'BMW Serie 7']
DEBUG:root:10270 cars injected
DEBUG:root:Models loaded:
DEBUG:root:[u'Citroen C3', u'Citroen C4', u'Citroen C5', u'DS 3', u'DS 4', u'DS 5', u'Peugeot 208', u'Peugeot 308', u'Peugeot 508', u'Renault Twingo', u'Renault Megane', u'Renault Kadjar', u'VW Polo', u'VW Golf', u'VW Passat', u'Ford Fiesta', u'Ford Focus', u'Ford Mondeo', u'Mercedes Classe A', u'Mercedes Classe B', u'Mercedes Classe C', u'BMW Serie 3', u'BMW Serie 5', u'BMW Serie 7']
DEBUG:root:Models loaded:
DEBUG:root:[u'Citroen C3', u'Citroen C4', u'Citroen C5', u'DS 3', u'DS 4', u'DS 5', u'Peugeot 208', u'Peugeot 308', u'Peugeot 508', u'Renault Twingo', u'Renault Megane', u'Renault Kadjar', u'VW Polo', u'VW Golf', u'VW Passat', u'Ford Fiesta', u'Ford Focus', u'Ford Mondeo', u'Mercedes Classe A', u'Mercedes Classe B', u'Mercedes Classe C', u'BMW Serie 3', u'BMW Serie 5', u'BMW Serie 7']
DEBUG:root:11060 cars injected
DEBUG:root:Models loaded:
DEBUG:root:[u'Citroen C3', u'Citroen C4', u'Citroen C5', u'DS 3', u'DS 4', u'DS 5', u'Peugeot 208', u'Peugeot 308', u'Peugeot 508', u'Renault Twingo', u'Renault Megane', u'Renault Kadjar', u'VW Polo', u'VW Golf', u'VW Passat', u'Ford Fiesta', u'Ford Focus', u'Ford Mondeo', u'Mercedes Classe A', u'Mercedes Classe B', u'Mercedes Classe C', u'BMW Serie 3', u'BMW Serie 5', u'BMW Serie 7']
DEBUG:root:Models loaded:
DEBUG:root:[u'Citroen C3', u'Citroen C4', u'Citroen C5', u'DS 3', u'DS 4', u'DS 5', u'Peugeot 208', u'Peugeot 308', u'Peugeot 508', u'Renault Twingo', u'Renault Megane', u'Renault Kadjar', u'VW Polo', u'VW Golf', u'VW Passat', u'Ford Fiesta', u'Ford Focus', u'Ford Mondeo', u'Mercedes Classe A', u'Mercedes Classe B', u'Mercedes Classe C', u'BMW Serie 3', u'BMW Serie 5', u'BMW Serie 7']
DEBUG:root:11850 cars injected
DEBUG:root:Models loaded:
DEBUG:root:[u'Citroen C3', u'Citroen C4', u'Citroen C5', u'DS 3', u'DS 4', u'DS 5', u'Peugeot 208', u'Peugeot 308', u'Peugeot 508', u'Renault Twingo', u'Renault Megane', u'Renault Kadjar', u'VW Polo', u'VW Golf', u'VW Passat', u'Ford Fiesta', u'Ford Focus', u'Ford Mondeo', u'Mercedes Classe A', u'Mercedes Classe B', u'Mercedes Classe C', u'BMW Serie 3', u'BMW Serie 5', u'BMW Serie 7']
DEBUG:root:Models loaded:
DEBUG:root:[u'Citroen C3', u'Citroen C4', u'Citroen C5', u'DS 3', u'DS 4', u'DS 5', u'Peugeot 208', u'Peugeot 308', u'Peugeot 508', u'Renault Twingo', u'Renault Megane', u'Renault Kadjar', u'VW Polo', u'VW Golf', u'VW Passat', u'Ford Fiesta', u'Ford Focus', u'Ford Mondeo', u'Mercedes Classe A', u'Mercedes Classe B', u'Mercedes Classe C', u'BMW Serie 3', u'BMW Serie 5', u'BMW Serie 7']
DEBUG:root:12640 cars injected
DEBUG:root:Models loaded:
DEBUG:root:[u'Citroen C3', u'Citroen C4', u'Citroen C5', u'DS 3', u'DS 4', u'DS 5', u'Peugeot 208', u'Peugeot 308', u'Peugeot 508', u'Renault Twingo', u'Renault Megane', u'Renault Kadjar', u'VW Polo', u'VW Golf', u'VW Passat', u'Ford Fiesta', u'Ford Focus', u'Ford Mondeo', u'Mercedes Classe A', u'Mercedes Classe B', u'Mercedes Classe C', u'BMW Serie 3', u'BMW Serie 5', u'BMW Serie 7']
DEBUG:root:Models loaded:
DEBUG:root:[u'Citroen C3', u'Citroen C4', u'Citroen C5', u'DS 3', u'DS 4', u'DS 5', u'Peugeot 208', u'Peugeot 308', u'Peugeot 508', u'Renault Twingo', u'Renault Megane', u'Renault Kadjar', u'VW Polo', u'VW Golf', u'VW Passat', u'Ford Fiesta', u'Ford Focus', u'Ford Mondeo', u'Mercedes Classe A', u'Mercedes Classe B', u'Mercedes Classe C', u'BMW Serie 3', u'BMW Serie 5', u'BMW Serie 7']
DEBUG:root:13430 cars injected
DEBUG:root:Models loaded:
DEBUG:root:[u'Citroen C3', u'Citroen C4', u'Citroen C5', u'DS 3', u'DS 4', u'DS 5', u'Peugeot 208', u'Peugeot 308', u'Peugeot 508', u'Renault Twingo', u'Renault Megane', u'Renault Kadjar', u'VW Polo', u'VW Golf', u'VW Passat', u'Ford Fiesta', u'Ford Focus', u'Ford Mondeo', u'Mercedes Classe A', u'Mercedes Classe B', u'Mercedes Classe C', u'BMW Serie 3', u'BMW Serie 5', u'BMW Serie 7']
DEBUG:root:Models loaded:
DEBUG:root:[u'Citroen C3', u'Citroen C4', u'Citroen C5', u'DS 3', u'DS 4', u'DS 5', u'Peugeot 208', u'Peugeot 308', u'Peugeot 508', u'Renault Twingo', u'Renault Megane', u'Renault Kadjar', u'VW Polo', u'VW Golf', u'VW Passat', u'Ford Fiesta', u'Ford Focus', u'Ford Mondeo', u'Mercedes Classe A', u'Mercedes Classe B', u'Mercedes Classe C', u'BMW Serie 3', u'BMW Serie 5', u'BMW Serie 7']
DEBUG:root:14220 cars injected
DEBUG:root:Models loaded:
DEBUG:root:[u'Citroen C3', u'Citroen C4', u'Citroen C5', u'DS 3', u'DS 4', u'DS 5', u'Peugeot 208', u'Peugeot 308', u'Peugeot 508', u'Renault Twingo', u'Renault Megane', u'Renault Kadjar', u'VW Polo', u'VW Golf', u'VW Passat', u'Ford Fiesta', u'Ford Focus', u'Ford Mondeo', u'Mercedes Classe A', u'Mercedes Classe B', u'Mercedes Classe C', u'BMW Serie 3', u'BMW Serie 5', u'BMW Serie 7']
DEBUG:root:Models loaded:
DEBUG:root:[u'Citroen C3', u'Citroen C4', u'Citroen C5', u'DS 3', u'DS 4', u'DS 5', u'Peugeot 208', u'Peugeot 308', u'Peugeot 508', u'Renault Twingo', u'Renault Megane', u'Renault Kadjar', u'VW Polo', u'VW Golf', u'VW Passat', u'Ford Fiesta', u'Ford Focus', u'Ford Mondeo', u'Mercedes Classe A', u'Mercedes Classe B', u'Mercedes Classe C', u'BMW Serie 3', u'BMW Serie 5', u'BMW Serie 7']
DEBUG:root:15010 cars injected
DEBUG:root:Models loaded:
DEBUG:root:[u'Citroen C3', u'Citroen C4', u'Citroen C5', u'DS 3', u'DS 4', u'DS 5', u'Peugeot 208', u'Peugeot 308', u'Peugeot 508', u'Renault Twingo', u'Renault Megane', u'Renault Kadjar', u'VW Polo', u'VW Golf', u'VW Passat', u'Ford Fiesta', u'Ford Focus', u'Ford Mondeo', u'Mercedes Classe A', u'Mercedes Classe B', u'Mercedes Classe C', u'BMW Serie 3', u'BMW Serie 5', u'BMW Serie 7']
DEBUG:root:Models loaded:
DEBUG:root:[u'Citroen C3', u'Citroen C4', u'Citroen C5', u'DS 3', u'DS 4', u'DS 5', u'Peugeot 208', u'Peugeot 308', u'Peugeot 508', u'Renault Twingo', u'Renault Megane', u'Renault Kadjar', u'VW Polo', u'VW Golf', u'VW Passat', u'Ford Fiesta', u'Ford Focus', u'Ford Mondeo', u'Mercedes Classe A', u'Mercedes Classe B', u'Mercedes Classe C', u'BMW Serie 3', u'BMW Serie 5', u'BMW Serie 7']
DEBUG:root:15800 cars injected
DEBUG:root:Models loaded:
DEBUG:root:[u'Citroen C3', u'Citroen C4', u'Citroen C5', u'DS 3', u'DS 4', u'DS 5', u'Peugeot 208', u'Peugeot 308', u'Peugeot 508', u'Renault Twingo', u'Renault Megane', u'Renault Kadjar', u'VW Polo', u'VW Golf', u'VW Passat', u'Ford Fiesta', u'Ford Focus', u'Ford Mondeo', u'Mercedes Classe A', u'Mercedes Classe B', u'Mercedes Classe C', u'BMW Serie 3', u'BMW Serie 5', u'BMW Serie 7']
DEBUG:root:Models loaded:
DEBUG:root:[u'Citroen C3', u'Citroen C4', u'Citroen C5', u'DS 3', u'DS 4', u'DS 5', u'Peugeot 208', u'Peugeot 308', u'Peugeot 508', u'Renault Twingo', u'Renault Megane', u'Renault Kadjar', u'VW Polo', u'VW Golf', u'VW Passat', u'Ford Fiesta', u'Ford Focus', u'Ford Mondeo', u'Mercedes Classe A', u'Mercedes Classe B', u'Mercedes Classe C', u'BMW Serie 3', u'BMW Serie 5', u'BMW Serie 7']
DEBUG:root:16590 cars injected
DEBUG:root:Models loaded:
DEBUG:root:[u'Citroen C3', u'Citroen C4', u'Citroen C5', u'DS 3', u'DS 4', u'DS 5', u'Peugeot 208', u'Peugeot 308', u'Peugeot 508', u'Renault Twingo', u'Renault Megane', u'Renault Kadjar', u'VW Polo', u'VW Golf', u'VW Passat', u'Ford Fiesta', u'Ford Focus', u'Ford Mondeo', u'Mercedes Classe A', u'Mercedes Classe B', u'Mercedes Classe C', u'BMW Serie 3', u'BMW Serie 5', u'BMW Serie 7']
DEBUG:root:Models loaded:
DEBUG:root:[u'Citroen C3', u'Citroen C4', u'Citroen C5', u'DS 3', u'DS 4', u'DS 5', u'Peugeot 208', u'Peugeot 308', u'Peugeot 508', u'Renault Twingo', u'Renault Megane', u'Renault Kadjar', u'VW Polo', u'VW Golf', u'VW Passat', u'Ford Fiesta', u'Ford Focus', u'Ford Mondeo', u'Mercedes Classe A', u'Mercedes Classe B', u'Mercedes Classe C', u'BMW Serie 3', u'BMW Serie 5', u'BMW Serie 7']
DEBUG:root:17380 cars injected
DEBUG:root:Models loaded:
DEBUG:root:[u'Citroen C3', u'Citroen C4', u'Citroen C5', u'DS 3', u'DS 4', u'DS 5', u'Peugeot 208', u'Peugeot 308', u'Peugeot 508', u'Renault Twingo', u'Renault Megane', u'Renault Kadjar', u'VW Polo', u'VW Golf', u'VW Passat', u'Ford Fiesta', u'Ford Focus', u'Ford Mondeo', u'Mercedes Classe A', u'Mercedes Classe B', u'Mercedes Classe C', u'BMW Serie 3', u'BMW Serie 5', u'BMW Serie 7']
DEBUG:root:Models loaded:
DEBUG:root:[u'Citroen C3', u'Citroen C4', u'Citroen C5', u'DS 3', u'DS 4', u'DS 5', u'Peugeot 208', u'Peugeot 308', u'Peugeot 508', u'Renault Twingo', u'Renault Megane', u'Renault Kadjar', u'VW Polo', u'VW Golf', u'VW Passat', u'Ford Fiesta', u'Ford Focus', u'Ford Mondeo', u'Mercedes Classe A', u'Mercedes Classe B', u'Mercedes Classe C', u'BMW Serie 3', u'BMW Serie 5', u'BMW Serie 7']
DEBUG:root:18170 cars injected
DEBUG:root:Models loaded:
DEBUG:root:[u'Citroen C3', u'Citroen C4', u'Citroen C5', u'DS 3', u'DS 4', u'DS 5', u'Peugeot 208', u'Peugeot 308', u'Peugeot 508', u'Renault Twingo', u'Renault Megane', u'Renault Kadjar', u'VW Polo', u'VW Golf', u'VW Passat', u'Ford Fiesta', u'Ford Focus', u'Ford Mondeo', u'Mercedes Classe A', u'Mercedes Classe B', u'Mercedes Classe C', u'BMW Serie 3', u'BMW Serie 5', u'BMW Serie 7']
DEBUG:root:Models loaded:
DEBUG:root:[u'Citroen C3', u'Citroen C4', u'Citroen C5', u'DS 3', u'DS 4', u'DS 5', u'Peugeot 208', u'Peugeot 308', u'Peugeot 508', u'Renault Twingo', u'Renault Megane', u'Renault Kadjar', u'VW Polo', u'VW Golf', u'VW Passat', u'Ford Fiesta', u'Ford Focus', u'Ford Mondeo', u'Mercedes Classe A', u'Mercedes Classe B', u'Mercedes Classe C', u'BMW Serie 3', u'BMW Serie 5', u'BMW Serie 7']
DEBUG:root:18960 cars injected
DEBUG:root:Models loaded:
DEBUG:root:[u'Citroen C3', u'Citroen C4', u'Citroen C5', u'DS 3', u'DS 4', u'DS 5', u'Peugeot 208', u'Peugeot 308', u'Peugeot 508', u'Renault Twingo', u'Renault Megane', u'Renault Kadjar', u'VW Polo', u'VW Golf', u'VW Passat', u'Ford Fiesta', u'Ford Focus', u'Ford Mondeo', u'Mercedes Classe A', u'Mercedes Classe B', u'Mercedes Classe C', u'BMW Serie 3', u'BMW Serie 5', u'BMW Serie 7']
DEBUG:root:Models loaded:
DEBUG:root:[u'Citroen C3', u'Citroen C4', u'Citroen C5', u'DS 3', u'DS 4', u'DS 5', u'Peugeot 208', u'Peugeot 308', u'Peugeot 508', u'Renault Twingo', u'Renault Megane', u'Renault Kadjar', u'VW Polo', u'VW Golf', u'VW Passat', u'Ford Fiesta', u'Ford Focus', u'Ford Mondeo', u'Mercedes Classe A', u'Mercedes Classe B', u'Mercedes Classe C', u'BMW Serie 3', u'BMW Serie 5', u'BMW Serie 7']
DEBUG:root:19750 cars injected
DEBUG:root:Models loaded:
DEBUG:root:[u'Citroen C3', u'Citroen C4', u'Citroen C5', u'DS 3', u'DS 4', u'DS 5', u'Peugeot 208', u'Peugeot 308', u'Peugeot 508', u'Renault Twingo', u'Renault Megane', u'Renault Kadjar', u'VW Polo', u'VW Golf', u'VW Passat', u'Ford Fiesta', u'Ford Focus', u'Ford Mondeo', u'Mercedes Classe A', u'Mercedes Classe B', u'Mercedes Classe C', u'BMW Serie 3', u'BMW Serie 5', u'BMW Serie 7']
DEBUG:root:Models loaded:
DEBUG:root:[u'Citroen C3', u'Citroen C4', u'Citroen C5', u'DS 3', u'DS 4', u'DS 5', u'Peugeot 208', u'Peugeot 308', u'Peugeot 508', u'Renault Twingo', u'Renault Megane', u'Renault Kadjar', u'VW Polo', u'VW Golf', u'VW Passat', u'Ford Fiesta', u'Ford Focus', u'Ford Mondeo', u'Mercedes Classe A', u'Mercedes Classe B', u'Mercedes Classe C', u'BMW Serie 3', u'BMW Serie 5', u'BMW Serie 7']
DEBUG:root:20540 cars injected
DEBUG:root:Models loaded:
DEBUG:root:[u'Citroen C3', u'Citroen C4', u'Citroen C5', u'DS 3', u'DS 4', u'DS 5', u'Peugeot 208', u'Peugeot 308', u'Peugeot 508', u'Renault Twingo', u'Renault Megane', u'Renault Kadjar', u'VW Polo', u'VW Golf', u'VW Passat', u'Ford Fiesta', u'Ford Focus', u'Ford Mondeo', u'Mercedes Classe A', u'Mercedes Classe B', u'Mercedes Classe C', u'BMW Serie 3', u'BMW Serie 5', u'BMW Serie 7']
DEBUG:root:Models loaded:
DEBUG:root:[u'Citroen C3', u'Citroen C4', u'Citroen C5', u'DS 3', u'DS 4', u'DS 5', u'Peugeot 208', u'Peugeot 308', u'Peugeot 508', u'Renault Twingo', u'Renault Megane', u'Renault Kadjar', u'VW Polo', u'VW Golf', u'VW Passat', u'Ford Fiesta', u'Ford Focus', u'Ford Mondeo', u'Mercedes Classe A', u'Mercedes Classe B', u'Mercedes Classe C', u'BMW Serie 3', u'BMW Serie 5', u'BMW Serie 7']
DEBUG:root:21330 cars injected
DEBUG:root:Models loaded:
DEBUG:root:[u'Citroen C3', u'Citroen C4', u'Citroen C5', u'DS 3', u'DS 4', u'DS 5', u'Peugeot 208', u'Peugeot 308', u'Peugeot 508', u'Renault Twingo', u'Renault Megane', u'Renault Kadjar', u'VW Polo', u'VW Golf', u'VW Passat', u'Ford Fiesta', u'Ford Focus', u'Ford Mondeo', u'Mercedes Classe A', u'Mercedes Classe B', u'Mercedes Classe C', u'BMW Serie 3', u'BMW Serie 5', u'BMW Serie 7']
DEBUG:root:Models loaded:
DEBUG:root:[u'Citroen C3', u'Citroen C4', u'Citroen C5', u'DS 3', u'DS 4', u'DS 5', u'Peugeot 208', u'Peugeot 308', u'Peugeot 508', u'Renault Twingo', u'Renault Megane', u'Renault Kadjar', u'VW Polo', u'VW Golf', u'VW Passat', u'Ford Fiesta', u'Ford Focus', u'Ford Mondeo', u'Mercedes Classe A', u'Mercedes Classe B', u'Mercedes Classe C', u'BMW Serie 3', u'BMW Serie 5', u'BMW Serie 7']
DEBUG:root:22120 cars injected
DEBUG:root:Models loaded:
DEBUG:root:[u'Citroen C3', u'Citroen C4', u'Citroen C5', u'DS 3', u'DS 4', u'DS 5', u'Peugeot 208', u'Peugeot 308', u'Peugeot 508', u'Renault Twingo', u'Renault Megane', u'Renault Kadjar', u'VW Polo', u'VW Golf', u'VW Passat', u'Ford Fiesta', u'Ford Focus', u'Ford Mondeo', u'Mercedes Classe A', u'Mercedes Classe B', u'Mercedes Classe C', u'BMW Serie 3', u'BMW Serie 5', u'BMW Serie 7']
DEBUG:root:Models loaded:
DEBUG:root:[u'Citroen C3', u'Citroen C4', u'Citroen C5', u'DS 3', u'DS 4', u'DS 5', u'Peugeot 208', u'Peugeot 308', u'Peugeot 508', u'Renault Twingo', u'Renault Megane', u'Renault Kadjar', u'VW Polo', u'VW Golf', u'VW Passat', u'Ford Fiesta', u'Ford Focus', u'Ford Mondeo', u'Mercedes Classe A', u'Mercedes Classe B', u'Mercedes Classe C', u'BMW Serie 3', u'BMW Serie 5', u'BMW Serie 7']
